running egg_info
writing ../../build/duav/duav.egg-info/PKG-INFO
writing dependency_links to ../../build/duav/duav.egg-info/dependency_links.txt
writing entry points to ../../build/duav/duav.egg-info/entry_points.txt
writing requirements to ../../build/duav/duav.egg-info/requires.txt
writing top-level names to ../../build/duav/duav.egg-info/top_level.txt
reading manifest file '../../build/duav/duav.egg-info/SOURCES.txt'
writing manifest file '../../build/duav/duav.egg-info/SOURCES.txt'
running build
running build_py
running install
running install_lib
running install_data
copying launch/launch_all.launch.py -> /home/step/ros2_DUAV/install/duav/share/duav
running install_egg_info
removing '/home/step/ros2_DUAV/install/duav/lib/python3.10/site-packages/duav-0.0.0-py3.10.egg-info' (and everything under it)
Copying ../../build/duav/duav.egg-info to /home/step/ros2_DUAV/install/duav/lib/python3.10/site-packages/duav-0.0.0-py3.10.egg-info
running install_scripts
Installing analyse_CAM script to /home/step/ros2_DUAV/install/duav/lib/duav
Installing create_costmap script to /home/step/ros2_DUAV/install/duav/lib/duav
Installing create_path script to /home/step/ros2_DUAV/install/duav/lib/duav
Installing determine_plane_state script to /home/step/ros2_DUAV/install/duav/lib/duav
Installing pub_MAV script to /home/step/ros2_DUAV/install/duav/lib/duav
Installing select_mission_type script to /home/step/ros2_DUAV/install/duav/lib/duav
Installing write_MAV script to /home/step/ros2_DUAV/install/duav/lib/duav
writing list of installed files to '/home/step/ros2_DUAV/build/duav/install.log'
