[0.662s] Invoking command in '/home/step/ros2_DUAV/src/duav': PYTHONPATH=/home/step/ros2_DUAV/build/duav/prefix_override:/usr/lib/python3/dist-packages/colcon_core/task/python/colcon_distutils_commands:/home/step/ros2_DUAV/install/duav/lib/python3.10/site-packages:${PYTHONPATH} /usr/bin/python3 -W ignore:setup.py install is deprecated -W ignore:easy_install command is deprecated setup.py egg_info --egg-base ../../build/duav build --build-base /home/step/ros2_DUAV/build/duav/build install --record /home/step/ros2_DUAV/build/duav/install.log --single-version-externally-managed install_data
[0.921s] running egg_info
[0.921s] writing ../../build/duav/duav.egg-info/PKG-INFO
[0.922s] writing dependency_links to ../../build/duav/duav.egg-info/dependency_links.txt
[0.922s] writing entry points to ../../build/duav/duav.egg-info/entry_points.txt
[0.922s] writing requirements to ../../build/duav/duav.egg-info/requires.txt
[0.922s] writing top-level names to ../../build/duav/duav.egg-info/top_level.txt
[0.924s] reading manifest file '../../build/duav/duav.egg-info/SOURCES.txt'
[0.925s] writing manifest file '../../build/duav/duav.egg-info/SOURCES.txt'
[0.925s] running build
[0.925s] running build_py
[0.925s] running install
[0.926s] running install_lib
[0.927s] running install_data
[0.927s] copying launch/launch_all.launch.py -> /home/step/ros2_DUAV/install/duav/share/duav
[0.927s] running install_egg_info
[0.929s] removing '/home/step/ros2_DUAV/install/duav/lib/python3.10/site-packages/duav-0.0.0-py3.10.egg-info' (and everything under it)
[0.930s] Copying ../../build/duav/duav.egg-info to /home/step/ros2_DUAV/install/duav/lib/python3.10/site-packages/duav-0.0.0-py3.10.egg-info
[0.930s] running install_scripts
[0.952s] Installing analyse_CAM script to /home/step/ros2_DUAV/install/duav/lib/duav
[0.953s] Installing create_costmap script to /home/step/ros2_DUAV/install/duav/lib/duav
[0.953s] Installing create_path script to /home/step/ros2_DUAV/install/duav/lib/duav
[0.953s] Installing determine_plane_state script to /home/step/ros2_DUAV/install/duav/lib/duav
[0.953s] Installing pub_MAV script to /home/step/ros2_DUAV/install/duav/lib/duav
[0.953s] Installing select_mission_type script to /home/step/ros2_DUAV/install/duav/lib/duav
[0.953s] Installing write_MAV script to /home/step/ros2_DUAV/install/duav/lib/duav
[0.954s] writing list of installed files to '/home/step/ros2_DUAV/build/duav/install.log'
[0.980s] Invoked command in '/home/step/ros2_DUAV/src/duav' returned '0': PYTHONPATH=/home/step/ros2_DUAV/build/duav/prefix_override:/usr/lib/python3/dist-packages/colcon_core/task/python/colcon_distutils_commands:/home/step/ros2_DUAV/install/duav/lib/python3.10/site-packages:${PYTHONPATH} /usr/bin/python3 -W ignore:setup.py install is deprecated -W ignore:easy_install command is deprecated setup.py egg_info --egg-base ../../build/duav build --build-base /home/step/ros2_DUAV/build/duav/build install --record /home/step/ros2_DUAV/build/duav/install.log --single-version-externally-managed install_data
