running egg_info
writing ../../build/duav/duav.egg-info/PKG-INFO
writing dependency_links to ../../build/duav/duav.egg-info/dependency_links.txt
writing entry points to ../../build/duav/duav.egg-info/entry_points.txt
writing requirements to ../../build/duav/duav.egg-info/requires.txt
writing top-level names to ../../build/duav/duav.egg-info/top_level.txt
reading manifest file '../../build/duav/duav.egg-info/SOURCES.txt'
writing manifest file '../../build/duav/duav.egg-info/SOURCES.txt'
running build
running build_py
copying duav/create_path.py -> /home/step/ros2_DUAV/build/duav/build/lib/duav
copying duav/determine_plane_state.py -> /home/step/ros2_DUAV/build/duav/build/lib/duav
copying duav/__init__.py -> /home/step/ros2_DUAV/build/duav/build/lib/duav
copying duav/pub_MAV.py -> /home/step/ros2_DUAV/build/duav/build/lib/duav
copying duav/select_mission_type.py -> /home/step/ros2_DUAV/build/duav/build/lib/duav
copying duav/create_costmap.py -> /home/step/ros2_DUAV/build/duav/build/lib/duav
copying duav/analyse_CAM.py -> /home/step/ros2_DUAV/build/duav/build/lib/duav
copying duav/write_MAV.py -> /home/step/ros2_DUAV/build/duav/build/lib/duav
running install
running install_lib
running install_data
error: can't copy 'resource/duav': doesn't exist or not a regular file
