[1.175s] Invoking command in '/home/step/ros2_DUAV/src/duav': PYTHONPATH=/home/step/ros2_DUAV/build/duav/prefix_override:/usr/lib/python3/dist-packages/colcon_core/task/python/colcon_distutils_commands:/home/step/ros2_DUAV/install/duav/lib/python3.10/site-packages:${PYTHONPATH} /usr/bin/python3 -W ignore:setup.py install is deprecated -W ignore:easy_install command is deprecated setup.py egg_info --egg-base ../../build/duav build --build-base /home/step/ros2_DUAV/build/duav/build install --record /home/step/ros2_DUAV/build/duav/install.log --single-version-externally-managed install_data
[1.524s] running egg_info
[1.547s] writing ../../build/duav/duav.egg-info/PKG-INFO
[1.548s] writing dependency_links to ../../build/duav/duav.egg-info/dependency_links.txt
[1.548s] writing entry points to ../../build/duav/duav.egg-info/entry_points.txt
[1.548s] writing requirements to ../../build/duav/duav.egg-info/requires.txt
[1.549s] writing top-level names to ../../build/duav/duav.egg-info/top_level.txt
[1.594s] reading manifest file '../../build/duav/duav.egg-info/SOURCES.txt'
[1.595s] writing manifest file '../../build/duav/duav.egg-info/SOURCES.txt'
[1.595s] running build
[1.595s] running build_py
[1.596s] copying duav/create_path.py -> /home/step/ros2_DUAV/build/duav/build/lib/duav
[1.596s] copying duav/determine_plane_state.py -> /home/step/ros2_DUAV/build/duav/build/lib/duav
[1.596s] copying duav/__init__.py -> /home/step/ros2_DUAV/build/duav/build/lib/duav
[1.597s] copying duav/pub_MAV.py -> /home/step/ros2_DUAV/build/duav/build/lib/duav
[1.597s] copying duav/select_mission_type.py -> /home/step/ros2_DUAV/build/duav/build/lib/duav
[1.597s] copying duav/create_costmap.py -> /home/step/ros2_DUAV/build/duav/build/lib/duav
[1.597s] copying duav/analyse_CAM.py -> /home/step/ros2_DUAV/build/duav/build/lib/duav
[1.598s] copying duav/write_MAV.py -> /home/step/ros2_DUAV/build/duav/build/lib/duav
[1.598s] running install
[1.605s] running install_lib
[1.636s] running install_data
[1.636s] error: can't copy 'resource/duav': doesn't exist or not a regular file
[1.686s] Invoked command in '/home/step/ros2_DUAV/src/duav' returned '1': PYTHONPATH=/home/step/ros2_DUAV/build/duav/prefix_override:/usr/lib/python3/dist-packages/colcon_core/task/python/colcon_distutils_commands:/home/step/ros2_DUAV/install/duav/lib/python3.10/site-packages:${PYTHONPATH} /usr/bin/python3 -W ignore:setup.py install is deprecated -W ignore:easy_install command is deprecated setup.py egg_info --egg-base ../../build/duav build --build-base /home/step/ros2_DUAV/build/duav/build install --record /home/step/ros2_DUAV/build/duav/install.log --single-version-externally-managed install_data
