[0.786s] Invoking command in '/home/step/ros2_DUAV/src/DUAV': PYTHONPATH=/home/step/ros2_DUAV/build/DUAV/prefix_override:/usr/lib/python3/dist-packages/colcon_core/task/python/colcon_distutils_commands:/home/step/ros2_DUAV/install/DUAV/lib/python3.10/site-packages:${PYTHONPATH} /usr/bin/python3 -W ignore:setup.py install is deprecated -W ignore:easy_install command is deprecated setup.py egg_info --egg-base ../../build/DUAV build --build-base /home/step/ros2_DUAV/build/DUAV/build install --record /home/step/ros2_DUAV/build/DUAV/install.log --single-version-externally-managed install_data
[0.996s] running egg_info
[0.996s] writing ../../build/DUAV/DUAV.egg-info/PKG-INFO
[0.997s] writing dependency_links to ../../build/DUAV/DUAV.egg-info/dependency_links.txt
[0.997s] writing entry points to ../../build/DUAV/DUAV.egg-info/entry_points.txt
[0.997s] writing requirements to ../../build/DUAV/DUAV.egg-info/requires.txt
[0.997s] writing top-level names to ../../build/DUAV/DUAV.egg-info/top_level.txt
[0.999s] reading manifest file '../../build/DUAV/DUAV.egg-info/SOURCES.txt'
[1.000s] writing manifest file '../../build/DUAV/DUAV.egg-info/SOURCES.txt'
[1.001s] running build
[1.001s] running build_py
[1.001s] copying DUAV/pub_MAV.py -> /home/step/ros2_DUAV/build/DUAV/build/lib/DUAV
[1.001s] copying DUAV/create_path.py -> /home/step/ros2_DUAV/build/DUAV/build/lib/DUAV
[1.002s] running install
[1.002s] running install_lib
[1.003s] copying /home/step/ros2_DUAV/build/DUAV/build/lib/DUAV/pub_MAV.py -> /home/step/ros2_DUAV/install/DUAV/lib/python3.10/site-packages/DUAV
[1.004s] copying /home/step/ros2_DUAV/build/DUAV/build/lib/DUAV/create_path.py -> /home/step/ros2_DUAV/install/DUAV/lib/python3.10/site-packages/DUAV
[1.004s] byte-compiling /home/step/ros2_DUAV/install/DUAV/lib/python3.10/site-packages/DUAV/pub_MAV.py to pub_MAV.cpython-310.pyc
[1.005s] byte-compiling /home/step/ros2_DUAV/install/DUAV/lib/python3.10/site-packages/DUAV/create_path.py to create_path.cpython-310.pyc
[1.006s] running install_data
[1.006s] running install_egg_info
[1.007s] removing '/home/step/ros2_DUAV/install/DUAV/lib/python3.10/site-packages/DUAV-0.0.0-py3.10.egg-info' (and everything under it)
[1.008s] Copying ../../build/DUAV/DUAV.egg-info to /home/step/ros2_DUAV/install/DUAV/lib/python3.10/site-packages/DUAV-0.0.0-py3.10.egg-info
[1.009s] running install_scripts
[1.028s] Installing create_path script to /home/step/ros2_DUAV/install/DUAV/lib/DUAV
[1.028s] Installing pub_MAV script to /home/step/ros2_DUAV/install/DUAV/lib/DUAV
[1.028s] writing list of installed files to '/home/step/ros2_DUAV/build/DUAV/install.log'
[1.050s] Invoked command in '/home/step/ros2_DUAV/src/DUAV' returned '0': PYTHONPATH=/home/step/ros2_DUAV/build/DUAV/prefix_override:/usr/lib/python3/dist-packages/colcon_core/task/python/colcon_distutils_commands:/home/step/ros2_DUAV/install/DUAV/lib/python3.10/site-packages:${PYTHONPATH} /usr/bin/python3 -W ignore:setup.py install is deprecated -W ignore:easy_install command is deprecated setup.py egg_info --egg-base ../../build/DUAV build --build-base /home/step/ros2_DUAV/build/DUAV/build install --record /home/step/ros2_DUAV/build/DUAV/install.log --single-version-externally-managed install_data
