/home/step/ros2_DUAV/install/duav/lib/python3.10/site-packages/duav/create_path.py
/home/step/ros2_DUAV/install/duav/lib/python3.10/site-packages/duav/determine_plane_state.py
/home/step/ros2_DUAV/install/duav/lib/python3.10/site-packages/duav/__init__.py
/home/step/ros2_DUAV/install/duav/lib/python3.10/site-packages/duav/pub_MAV.py
/home/step/ros2_DUAV/install/duav/lib/python3.10/site-packages/duav/select_mission_type.py
/home/step/ros2_DUAV/install/duav/lib/python3.10/site-packages/duav/create_costmap.py
/home/step/ros2_DUAV/install/duav/lib/python3.10/site-packages/duav/analyse_CAM.py
/home/step/ros2_DUAV/install/duav/lib/python3.10/site-packages/duav/write_MAV.py
/home/step/ros2_DUAV/install/duav/lib/python3.10/site-packages/duav/__pycache__/create_path.cpython-310.pyc
/home/step/ros2_DUAV/install/duav/lib/python3.10/site-packages/duav/__pycache__/determine_plane_state.cpython-310.pyc
/home/step/ros2_DUAV/install/duav/lib/python3.10/site-packages/duav/__pycache__/__init__.cpython-310.pyc
/home/step/ros2_DUAV/install/duav/lib/python3.10/site-packages/duav/__pycache__/pub_MAV.cpython-310.pyc
/home/step/ros2_DUAV/install/duav/lib/python3.10/site-packages/duav/__pycache__/select_mission_type.cpython-310.pyc
/home/step/ros2_DUAV/install/duav/lib/python3.10/site-packages/duav/__pycache__/create_costmap.cpython-310.pyc
/home/step/ros2_DUAV/install/duav/lib/python3.10/site-packages/duav/__pycache__/analyse_CAM.cpython-310.pyc
/home/step/ros2_DUAV/install/duav/lib/python3.10/site-packages/duav/__pycache__/write_MAV.cpython-310.pyc
/home/step/ros2_DUAV/install/duav/share/ament_index/resource_index/packages/duav
/home/step/ros2_DUAV/install/duav/share/duav/package.xml
/home/step/ros2_DUAV/install/duav/share/duav/launch_all.launch.py
/home/step/ros2_DUAV/install/duav/lib/python3.10/site-packages/duav-0.0.0-py3.10.egg-info/PKG-INFO
/home/step/ros2_DUAV/install/duav/lib/python3.10/site-packages/duav-0.0.0-py3.10.egg-info/top_level.txt
/home/step/ros2_DUAV/install/duav/lib/python3.10/site-packages/duav-0.0.0-py3.10.egg-info/requires.txt
/home/step/ros2_DUAV/install/duav/lib/python3.10/site-packages/duav-0.0.0-py3.10.egg-info/SOURCES.txt
/home/step/ros2_DUAV/install/duav/lib/python3.10/site-packages/duav-0.0.0-py3.10.egg-info/dependency_links.txt
/home/step/ros2_DUAV/install/duav/lib/python3.10/site-packages/duav-0.0.0-py3.10.egg-info/zip-safe
/home/step/ros2_DUAV/install/duav/lib/python3.10/site-packages/duav-0.0.0-py3.10.egg-info/entry_points.txt
/home/step/ros2_DUAV/install/duav/lib/duav/analyse_CAM
/home/step/ros2_DUAV/install/duav/lib/duav/create_costmap
/home/step/ros2_DUAV/install/duav/lib/duav/create_path
/home/step/ros2_DUAV/install/duav/lib/duav/determine_plane_state
/home/step/ros2_DUAV/install/duav/lib/duav/pub_MAV
/home/step/ros2_DUAV/install/duav/lib/duav/select_mission_type
/home/step/ros2_DUAV/install/duav/lib/duav/write_MAV
