/home/step/ros2_DUAV/install/DUAV/lib/python3.10/site-packages/DUAV/__init__.py
/home/step/ros2_DUAV/install/DUAV/lib/python3.10/site-packages/DUAV/create_costmap.py
/home/step/ros2_DUAV/install/DUAV/lib/python3.10/site-packages/DUAV/select_mission_type.py
/home/step/ros2_DUAV/install/DUAV/lib/python3.10/site-packages/DUAV/pub_MAV.py
/home/step/ros2_DUAV/install/DUAV/lib/python3.10/site-packages/DUAV/analyse_CAM.py
/home/step/ros2_DUAV/install/DUAV/lib/python3.10/site-packages/DUAV/determine_plane_state.py
/home/step/ros2_DUAV/install/DUAV/lib/python3.10/site-packages/DUAV/write_MAV.py
/home/step/ros2_DUAV/install/DUAV/lib/python3.10/site-packages/DUAV/create_path.py
/home/step/ros2_DUAV/install/DUAV/lib/python3.10/site-packages/DUAV/__pycache__/__init__.cpython-310.pyc
/home/step/ros2_DUAV/install/DUAV/lib/python3.10/site-packages/DUAV/__pycache__/create_costmap.cpython-310.pyc
/home/step/ros2_DUAV/install/DUAV/lib/python3.10/site-packages/DUAV/__pycache__/select_mission_type.cpython-310.pyc
/home/step/ros2_DUAV/install/DUAV/lib/python3.10/site-packages/DUAV/__pycache__/pub_MAV.cpython-310.pyc
/home/step/ros2_DUAV/install/DUAV/lib/python3.10/site-packages/DUAV/__pycache__/analyse_CAM.cpython-310.pyc
/home/step/ros2_DUAV/install/DUAV/lib/python3.10/site-packages/DUAV/__pycache__/determine_plane_state.cpython-310.pyc
/home/step/ros2_DUAV/install/DUAV/lib/python3.10/site-packages/DUAV/__pycache__/write_MAV.cpython-310.pyc
/home/step/ros2_DUAV/install/DUAV/lib/python3.10/site-packages/DUAV/__pycache__/create_path.cpython-310.pyc
/home/step/ros2_DUAV/install/DUAV/share/ament_index/resource_index/packages/DUAV
/home/step/ros2_DUAV/install/DUAV/share/DUAV/package.xml
/home/step/ros2_DUAV/install/DUAV/lib/python3.10/site-packages/DUAV-0.0.0-py3.10.egg-info/zip-safe
/home/step/ros2_DUAV/install/DUAV/lib/python3.10/site-packages/DUAV-0.0.0-py3.10.egg-info/SOURCES.txt
/home/step/ros2_DUAV/install/DUAV/lib/python3.10/site-packages/DUAV-0.0.0-py3.10.egg-info/top_level.txt
/home/step/ros2_DUAV/install/DUAV/lib/python3.10/site-packages/DUAV-0.0.0-py3.10.egg-info/entry_points.txt
/home/step/ros2_DUAV/install/DUAV/lib/python3.10/site-packages/DUAV-0.0.0-py3.10.egg-info/PKG-INFO
/home/step/ros2_DUAV/install/DUAV/lib/python3.10/site-packages/DUAV-0.0.0-py3.10.egg-info/requires.txt
/home/step/ros2_DUAV/install/DUAV/lib/python3.10/site-packages/DUAV-0.0.0-py3.10.egg-info/dependency_links.txt
/home/step/ros2_DUAV/install/DUAV/lib/DUAV/analyse_CAM
/home/step/ros2_DUAV/install/DUAV/lib/DUAV/create_costmap
/home/step/ros2_DUAV/install/DUAV/lib/DUAV/create_path
/home/step/ros2_DUAV/install/DUAV/lib/DUAV/determine_plane_state
/home/step/ros2_DUAV/install/DUAV/lib/DUAV/pub_MAV
/home/step/ros2_DUAV/install/DUAV/lib/DUAV/select_mission_type
/home/step/ros2_DUAV/install/DUAV/lib/DUAV/write_MAV
