[1.132s] Invoking command in '/home/step/ros2_DUAV/src/duav': PYTHONPATH=/home/step/ros2_DUAV/build/duav/prefix_override:/usr/lib/python3/dist-packages/colcon_core/task/python/colcon_distutils_commands:/home/step/ros2_DUAV/install/duav/lib/python3.10/site-packages:${PYTHONPATH} /usr/bin/python3 -W ignore:setup.py install is deprecated -W ignore:easy_install command is deprecated setup.py egg_info --egg-base ../../build/duav build --build-base /home/step/ros2_DUAV/build/duav/build install --record /home/step/ros2_DUAV/build/duav/install.log --single-version-externally-managed install_data
[1.468s] running egg_info
[1.486s] writing ../../build/duav/duav.egg-info/PKG-INFO
[1.486s] writing dependency_links to ../../build/duav/duav.egg-info/dependency_links.txt
[1.487s] writing entry points to ../../build/duav/duav.egg-info/entry_points.txt
[1.487s] writing requirements to ../../build/duav/duav.egg-info/requires.txt
[1.487s] writing top-level names to ../../build/duav/duav.egg-info/top_level.txt
[1.525s] reading manifest file '../../build/duav/duav.egg-info/SOURCES.txt'
[1.526s] writing manifest file '../../build/duav/duav.egg-info/SOURCES.txt'
[1.527s] running build
[1.527s] running build_py
[1.527s] copying duav/create_path.py -> /home/step/ros2_DUAV/build/duav/build/lib/duav
[1.527s] copying duav/determine_plane_state.py -> /home/step/ros2_DUAV/build/duav/build/lib/duav
[1.527s] copying duav/__init__.py -> /home/step/ros2_DUAV/build/duav/build/lib/duav
[1.528s] copying duav/pub_MAV.py -> /home/step/ros2_DUAV/build/duav/build/lib/duav
[1.528s] copying duav/select_mission_type.py -> /home/step/ros2_DUAV/build/duav/build/lib/duav
[1.528s] copying duav/create_costmap.py -> /home/step/ros2_DUAV/build/duav/build/lib/duav
[1.528s] copying duav/analyse_CAM.py -> /home/step/ros2_DUAV/build/duav/build/lib/duav
[1.528s] copying duav/write_MAV.py -> /home/step/ros2_DUAV/build/duav/build/lib/duav
[1.529s] running install
[1.536s] running install_lib
[1.558s] running install_data
[1.558s] copying resource/duav -> /home/step/ros2_DUAV/install/duav/share/ament_index/resource_index/packages
[1.559s] copying package.xml -> /home/step/ros2_DUAV/install/duav/share/duav
[1.559s] copying launch/launch_all.launch.py -> /home/step/ros2_DUAV/install/duav/share/duav
[1.559s] running install_egg_info
[1.581s] removing '/home/step/ros2_DUAV/install/duav/lib/python3.10/site-packages/duav-0.0.0-py3.10.egg-info' (and everything under it)
[1.581s] Copying ../../build/duav/duav.egg-info to /home/step/ros2_DUAV/install/duav/lib/python3.10/site-packages/duav-0.0.0-py3.10.egg-info
[1.582s] running install_scripts
[1.741s] Installing analyse_CAM script to /home/step/ros2_DUAV/install/duav/lib/duav
[1.741s] Installing create_costmap script to /home/step/ros2_DUAV/install/duav/lib/duav
[1.741s] Installing create_path script to /home/step/ros2_DUAV/install/duav/lib/duav
[1.742s] Installing determine_plane_state script to /home/step/ros2_DUAV/install/duav/lib/duav
[1.742s] Installing pub_MAV script to /home/step/ros2_DUAV/install/duav/lib/duav
[1.742s] Installing select_mission_type script to /home/step/ros2_DUAV/install/duav/lib/duav
[1.742s] Installing write_MAV script to /home/step/ros2_DUAV/install/duav/lib/duav
[1.743s] writing list of installed files to '/home/step/ros2_DUAV/build/duav/install.log'
[1.775s] Invoked command in '/home/step/ros2_DUAV/src/duav' returned '0': PYTHONPATH=/home/step/ros2_DUAV/build/duav/prefix_override:/usr/lib/python3/dist-packages/colcon_core/task/python/colcon_distutils_commands:/home/step/ros2_DUAV/install/duav/lib/python3.10/site-packages:${PYTHONPATH} /usr/bin/python3 -W ignore:setup.py install is deprecated -W ignore:easy_install command is deprecated setup.py egg_info --egg-base ../../build/duav build --build-base /home/step/ros2_DUAV/build/duav/build install --record /home/step/ros2_DUAV/build/duav/install.log --single-version-externally-managed install_data
