[0.124s] DEBUG:colcon:Command line arguments: ['/usr/bin/colcon', 'build']
[0.124s] DEBUG:colcon:Parsed command line arguments: Namespace(log_base=None, log_level=None, verb_name='build', build_base='build', install_base='install', merge_install=False, symlink_install=False, test_result_base=None, continue_on_error=False, executor='parallel', parallel_workers=8, event_handlers=None, ignore_user_meta=False, metas=['./colcon.meta'], base_paths=['.'], packages_ignore=None, packages_ignore_regex=None, paths=None, packages_up_to=None, packages_up_to_regex=None, packages_above=None, packages_above_and_dependencies=None, packages_above_depth=None, packages_select_by_dep=None, packages_skip_by_dep=None, packages_skip_up_to=None, packages_select_build_failed=False, packages_skip_build_finished=False, packages_select_test_failures=False, packages_skip_test_passed=False, packages_select=None, packages_skip=None, packages_select_regex=None, packages_skip_regex=None, packages_start=None, packages_end=None, allow_overriding=[], cmake_args=None, cmake_target=None, cmake_target_skip_unavailable=False, cmake_clean_cache=False, cmake_clean_first=False, cmake_force_configure=False, ament_cmake_args=None, catkin_cmake_args=None, catkin_skip_building_tests=False, mixin_files=None, mixin=None, verb_parser=<colcon_mixin.mixin.mixin_argument.MixinArgumentDecorator object at 0x7f292183efb0>, verb_extension=<colcon_core.verb.build.BuildVerb object at 0x7f29219885e0>, main=<bound method BuildVerb.main of <colcon_core.verb.build.BuildVerb object at 0x7f29219885e0>>, mixin_verb=('build',))
[0.165s] Level 1:colcon.colcon_core.package_discovery:discover_packages(colcon_meta) check parameters
[0.165s] Level 1:colcon.colcon_core.package_discovery:discover_packages(recursive) check parameters
[0.165s] Level 1:colcon.colcon_core.package_discovery:discover_packages(ignore) check parameters
[0.165s] Level 1:colcon.colcon_core.package_discovery:discover_packages(path) check parameters
[0.165s] Level 1:colcon.colcon_core.package_discovery:discover_packages(colcon_meta) discover
[0.165s] Level 1:colcon.colcon_core.package_discovery:discover_packages(recursive) discover
[0.165s] INFO:colcon.colcon_core.package_discovery:Crawling recursively for packages in '/home/step/ros2_DUAV'
[0.165s] Level 1:colcon.colcon_core.package_identification:_identify(.) by extensions ['ignore', 'ignore_ament_install']
[0.165s] Level 1:colcon.colcon_core.package_identification:_identify(.) by extension 'ignore'
[0.165s] Level 1:colcon.colcon_core.package_identification:_identify(.) by extension 'ignore_ament_install'
[0.165s] Level 1:colcon.colcon_core.package_identification:_identify(.) by extensions ['colcon_pkg']
[0.165s] Level 1:colcon.colcon_core.package_identification:_identify(.) by extension 'colcon_pkg'
[0.165s] Level 1:colcon.colcon_core.package_identification:_identify(.) by extensions ['colcon_meta']
[0.165s] Level 1:colcon.colcon_core.package_identification:_identify(.) by extension 'colcon_meta'
[0.165s] Level 1:colcon.colcon_core.package_identification:_identify(.) by extensions ['ros']
[0.165s] Level 1:colcon.colcon_core.package_identification:_identify(.) by extension 'ros'
[0.181s] Level 1:colcon.colcon_core.package_identification:_identify(.) by extensions ['cmake', 'python']
[0.181s] Level 1:colcon.colcon_core.package_identification:_identify(.) by extension 'cmake'
[0.181s] Level 1:colcon.colcon_core.package_identification:_identify(.) by extension 'python'
[0.182s] Level 1:colcon.colcon_core.package_identification:_identify(.) by extensions ['python_setup_py']
[0.182s] Level 1:colcon.colcon_core.package_identification:_identify(.) by extension 'python_setup_py'
[0.182s] Level 1:colcon.colcon_core.package_identification:_identify(OTHER_CODES) by extensions ['ignore', 'ignore_ament_install']
[0.182s] Level 1:colcon.colcon_core.package_identification:_identify(OTHER_CODES) by extension 'ignore'
[0.182s] Level 1:colcon.colcon_core.package_identification:_identify(OTHER_CODES) by extension 'ignore_ament_install'
[0.182s] Level 1:colcon.colcon_core.package_identification:_identify(OTHER_CODES) by extensions ['colcon_pkg']
[0.182s] Level 1:colcon.colcon_core.package_identification:_identify(OTHER_CODES) by extension 'colcon_pkg'
[0.182s] Level 1:colcon.colcon_core.package_identification:_identify(OTHER_CODES) by extensions ['colcon_meta']
[0.182s] Level 1:colcon.colcon_core.package_identification:_identify(OTHER_CODES) by extension 'colcon_meta'
[0.182s] Level 1:colcon.colcon_core.package_identification:_identify(OTHER_CODES) by extensions ['ros']
[0.182s] Level 1:colcon.colcon_core.package_identification:_identify(OTHER_CODES) by extension 'ros'
[0.182s] Level 1:colcon.colcon_core.package_identification:_identify(OTHER_CODES) by extensions ['cmake', 'python']
[0.182s] Level 1:colcon.colcon_core.package_identification:_identify(OTHER_CODES) by extension 'cmake'
[0.182s] Level 1:colcon.colcon_core.package_identification:_identify(OTHER_CODES) by extension 'python'
[0.182s] Level 1:colcon.colcon_core.package_identification:_identify(OTHER_CODES) by extensions ['python_setup_py']
[0.182s] Level 1:colcon.colcon_core.package_identification:_identify(OTHER_CODES) by extension 'python_setup_py'
[0.182s] Level 1:colcon.colcon_core.package_identification:_identify(build) by extensions ['ignore', 'ignore_ament_install']
[0.183s] Level 1:colcon.colcon_core.package_identification:_identify(build) by extension 'ignore'
[0.183s] Level 1:colcon.colcon_core.package_identification:_identify(build) ignored
[0.183s] Level 1:colcon.colcon_core.package_identification:_identify(install) by extensions ['ignore', 'ignore_ament_install']
[0.183s] Level 1:colcon.colcon_core.package_identification:_identify(install) by extension 'ignore'
[0.183s] Level 1:colcon.colcon_core.package_identification:_identify(install) ignored
[0.183s] Level 1:colcon.colcon_core.package_identification:_identify(log) by extensions ['ignore', 'ignore_ament_install']
[0.183s] Level 1:colcon.colcon_core.package_identification:_identify(log) by extension 'ignore'
[0.183s] Level 1:colcon.colcon_core.package_identification:_identify(log) ignored
[0.183s] Level 1:colcon.colcon_core.package_identification:_identify(src) by extensions ['ignore', 'ignore_ament_install']
[0.183s] Level 1:colcon.colcon_core.package_identification:_identify(src) by extension 'ignore'
[0.183s] Level 1:colcon.colcon_core.package_identification:_identify(src) by extension 'ignore_ament_install'
[0.183s] Level 1:colcon.colcon_core.package_identification:_identify(src) by extensions ['colcon_pkg']
[0.183s] Level 1:colcon.colcon_core.package_identification:_identify(src) by extension 'colcon_pkg'
[0.183s] Level 1:colcon.colcon_core.package_identification:_identify(src) by extensions ['colcon_meta']
[0.184s] Level 1:colcon.colcon_core.package_identification:_identify(src) by extension 'colcon_meta'
[0.184s] Level 1:colcon.colcon_core.package_identification:_identify(src) by extensions ['ros']
[0.184s] Level 1:colcon.colcon_core.package_identification:_identify(src) by extension 'ros'
[0.184s] Level 1:colcon.colcon_core.package_identification:_identify(src) by extensions ['cmake', 'python']
[0.184s] Level 1:colcon.colcon_core.package_identification:_identify(src) by extension 'cmake'
[0.184s] Level 1:colcon.colcon_core.package_identification:_identify(src) by extension 'python'
[0.184s] Level 1:colcon.colcon_core.package_identification:_identify(src) by extensions ['python_setup_py']
[0.184s] Level 1:colcon.colcon_core.package_identification:_identify(src) by extension 'python_setup_py'
[0.184s] Level 1:colcon.colcon_core.package_identification:_identify(src/duav) by extensions ['ignore', 'ignore_ament_install']
[0.184s] Level 1:colcon.colcon_core.package_identification:_identify(src/duav) by extension 'ignore'
[0.184s] Level 1:colcon.colcon_core.package_identification:_identify(src/duav) by extension 'ignore_ament_install'
[0.184s] Level 1:colcon.colcon_core.package_identification:_identify(src/duav) by extensions ['colcon_pkg']
[0.184s] Level 1:colcon.colcon_core.package_identification:_identify(src/duav) by extension 'colcon_pkg'
[0.184s] Level 1:colcon.colcon_core.package_identification:_identify(src/duav) by extensions ['colcon_meta']
[0.184s] Level 1:colcon.colcon_core.package_identification:_identify(src/duav) by extension 'colcon_meta'
[0.184s] Level 1:colcon.colcon_core.package_identification:_identify(src/duav) by extensions ['ros']
[0.184s] Level 1:colcon.colcon_core.package_identification:_identify(src/duav) by extension 'ros'
[0.187s] DEBUG:colcon.colcon_core.package_identification:Package 'src/duav' with type 'ros.ament_python' and name 'duav'
[0.187s] Level 1:colcon.colcon_core.package_identification:_identify(src/ps4_controllers) by extensions ['ignore', 'ignore_ament_install']
[0.187s] Level 1:colcon.colcon_core.package_identification:_identify(src/ps4_controllers) by extension 'ignore'
[0.187s] Level 1:colcon.colcon_core.package_identification:_identify(src/ps4_controllers) by extension 'ignore_ament_install'
[0.187s] Level 1:colcon.colcon_core.package_identification:_identify(src/ps4_controllers) by extensions ['colcon_pkg']
[0.187s] Level 1:colcon.colcon_core.package_identification:_identify(src/ps4_controllers) by extension 'colcon_pkg'
[0.187s] Level 1:colcon.colcon_core.package_identification:_identify(src/ps4_controllers) by extensions ['colcon_meta']
[0.187s] Level 1:colcon.colcon_core.package_identification:_identify(src/ps4_controllers) by extension 'colcon_meta'
[0.187s] Level 1:colcon.colcon_core.package_identification:_identify(src/ps4_controllers) by extensions ['ros']
[0.187s] Level 1:colcon.colcon_core.package_identification:_identify(src/ps4_controllers) by extension 'ros'
[0.188s] DEBUG:colcon.colcon_core.package_identification:Package 'src/ps4_controllers' with type 'ros.ament_python' and name 'ps4_controllers'
[0.188s] Level 1:colcon.colcon_core.package_discovery:discover_packages(recursive) using defaults
[0.188s] Level 1:colcon.colcon_core.package_discovery:discover_packages(ignore) discover
[0.188s] Level 1:colcon.colcon_core.package_discovery:discover_packages(ignore) using defaults
[0.188s] Level 1:colcon.colcon_core.package_discovery:discover_packages(path) discover
[0.188s] Level 1:colcon.colcon_core.package_discovery:discover_packages(path) using defaults
[0.210s] Level 1:colcon.colcon_core.package_discovery:discover_packages(prefix_path) check parameters
[0.210s] Level 1:colcon.colcon_core.package_discovery:discover_packages(prefix_path) discover
[0.212s] DEBUG:colcon.colcon_installed_package_information.package_discovery:Found 4 installed packages in /home/step/ros2_DUAV/install
[0.214s] DEBUG:colcon.colcon_installed_package_information.package_discovery:Found 375 installed packages in /opt/ros/humble
[0.216s] Level 1:colcon.colcon_core.package_discovery:discover_packages(prefix_path) using defaults
[0.266s] Level 5:colcon.colcon_core.verb:set package 'duav' build argument 'cmake_args' from command line to 'None'
[0.266s] Level 5:colcon.colcon_core.verb:set package 'duav' build argument 'cmake_target' from command line to 'None'
[0.266s] Level 5:colcon.colcon_core.verb:set package 'duav' build argument 'cmake_target_skip_unavailable' from command line to 'False'
[0.266s] Level 5:colcon.colcon_core.verb:set package 'duav' build argument 'cmake_clean_cache' from command line to 'False'
[0.266s] Level 5:colcon.colcon_core.verb:set package 'duav' build argument 'cmake_clean_first' from command line to 'False'
[0.266s] Level 5:colcon.colcon_core.verb:set package 'duav' build argument 'cmake_force_configure' from command line to 'False'
[0.266s] Level 5:colcon.colcon_core.verb:set package 'duav' build argument 'ament_cmake_args' from command line to 'None'
[0.266s] Level 5:colcon.colcon_core.verb:set package 'duav' build argument 'catkin_cmake_args' from command line to 'None'
[0.266s] Level 5:colcon.colcon_core.verb:set package 'duav' build argument 'catkin_skip_building_tests' from command line to 'False'
[0.266s] DEBUG:colcon.colcon_core.verb:Building package 'duav' with the following arguments: {'ament_cmake_args': None, 'build_base': '/home/step/ros2_DUAV/build/duav', 'catkin_cmake_args': None, 'catkin_skip_building_tests': False, 'cmake_args': None, 'cmake_clean_cache': False, 'cmake_clean_first': False, 'cmake_force_configure': False, 'cmake_target': None, 'cmake_target_skip_unavailable': False, 'install_base': '/home/step/ros2_DUAV/install/duav', 'merge_install': False, 'path': '/home/step/ros2_DUAV/src/duav', 'symlink_install': False, 'test_result_base': None}
[0.266s] Level 5:colcon.colcon_core.verb:set package 'ps4_controllers' build argument 'cmake_args' from command line to 'None'
[0.266s] Level 5:colcon.colcon_core.verb:set package 'ps4_controllers' build argument 'cmake_target' from command line to 'None'
[0.266s] Level 5:colcon.colcon_core.verb:set package 'ps4_controllers' build argument 'cmake_target_skip_unavailable' from command line to 'False'
[0.266s] Level 5:colcon.colcon_core.verb:set package 'ps4_controllers' build argument 'cmake_clean_cache' from command line to 'False'
[0.266s] Level 5:colcon.colcon_core.verb:set package 'ps4_controllers' build argument 'cmake_clean_first' from command line to 'False'
[0.266s] Level 5:colcon.colcon_core.verb:set package 'ps4_controllers' build argument 'cmake_force_configure' from command line to 'False'
[0.266s] Level 5:colcon.colcon_core.verb:set package 'ps4_controllers' build argument 'ament_cmake_args' from command line to 'None'
[0.266s] Level 5:colcon.colcon_core.verb:set package 'ps4_controllers' build argument 'catkin_cmake_args' from command line to 'None'
[0.266s] Level 5:colcon.colcon_core.verb:set package 'ps4_controllers' build argument 'catkin_skip_building_tests' from command line to 'False'
[0.266s] DEBUG:colcon.colcon_core.verb:Building package 'ps4_controllers' with the following arguments: {'ament_cmake_args': None, 'build_base': '/home/step/ros2_DUAV/build/ps4_controllers', 'catkin_cmake_args': None, 'catkin_skip_building_tests': False, 'cmake_args': None, 'cmake_clean_cache': False, 'cmake_clean_first': False, 'cmake_force_configure': False, 'cmake_target': None, 'cmake_target_skip_unavailable': False, 'install_base': '/home/step/ros2_DUAV/install/ps4_controllers', 'merge_install': False, 'path': '/home/step/ros2_DUAV/src/ps4_controllers', 'symlink_install': False, 'test_result_base': None}
[0.267s] INFO:colcon.colcon_core.executor:Executing jobs using 'parallel' executor
[0.268s] DEBUG:colcon.colcon_parallel_executor.executor.parallel:run_until_complete
[0.268s] INFO:colcon.colcon_ros.task.ament_python.build:Building ROS package in '/home/step/ros2_DUAV/src/duav' with build type 'ament_python'
[0.268s] Level 1:colcon.colcon_core.shell:create_environment_hook('duav', 'ament_prefix_path')
[0.270s] INFO:colcon.colcon_core.plugin_system:Skipping extension 'colcon_core.shell.bat': Not used on non-Windows systems
[0.270s] INFO:colcon.colcon_core.shell:Creating environment hook '/home/step/ros2_DUAV/install/duav/share/duav/hook/ament_prefix_path.ps1'
[0.271s] INFO:colcon.colcon_core.shell:Creating environment descriptor '/home/step/ros2_DUAV/install/duav/share/duav/hook/ament_prefix_path.dsv'
[0.271s] INFO:colcon.colcon_core.shell:Creating environment hook '/home/step/ros2_DUAV/install/duav/share/duav/hook/ament_prefix_path.sh'
[0.272s] INFO:colcon.colcon_core.shell:Skip shell extension 'powershell' for command environment: Not usable outside of PowerShell
[0.272s] DEBUG:colcon.colcon_core.shell:Skip shell extension 'dsv' for command environment
[0.276s] INFO:colcon.colcon_ros.task.ament_python.build:Building ROS package in '/home/step/ros2_DUAV/src/ps4_controllers' with build type 'ament_python'
[0.276s] Level 1:colcon.colcon_core.shell:create_environment_hook('ps4_controllers', 'ament_prefix_path')
[0.276s] INFO:colcon.colcon_core.shell:Creating environment hook '/home/step/ros2_DUAV/install/ps4_controllers/share/ps4_controllers/hook/ament_prefix_path.ps1'
[0.277s] INFO:colcon.colcon_core.shell:Creating environment descriptor '/home/step/ros2_DUAV/install/ps4_controllers/share/ps4_controllers/hook/ament_prefix_path.dsv'
[0.278s] INFO:colcon.colcon_core.shell:Creating environment hook '/home/step/ros2_DUAV/install/ps4_controllers/share/ps4_controllers/hook/ament_prefix_path.sh'
[0.278s] INFO:colcon.colcon_core.shell:Skip shell extension 'powershell' for command environment: Not usable outside of PowerShell
[0.278s] DEBUG:colcon.colcon_core.shell:Skip shell extension 'dsv' for command environment
[0.543s] INFO:colcon.colcon_core.task.python.build:Building Python package in '/home/step/ros2_DUAV/src/duav'
[0.544s] INFO:colcon.colcon_core.shell:Skip shell extension 'powershell' for command environment: Not usable outside of PowerShell
[0.544s] DEBUG:colcon.colcon_core.shell:Skip shell extension 'dsv' for command environment
[0.789s] INFO:colcon.colcon_core.task.python.build:Building Python package in '/home/step/ros2_DUAV/src/ps4_controllers'
[0.789s] INFO:colcon.colcon_core.shell:Skip shell extension 'powershell' for command environment: Not usable outside of PowerShell
[0.789s] DEBUG:colcon.colcon_core.shell:Skip shell extension 'dsv' for command environment
[1.401s] DEBUG:colcon.colcon_core.event_handler.log_command:Invoking command in '/home/step/ros2_DUAV/src/duav': PYTHONPATH=/home/step/ros2_DUAV/build/duav/prefix_override:/usr/lib/python3/dist-packages/colcon_core/task/python/colcon_distutils_commands:/home/step/ros2_DUAV/install/duav/lib/python3.10/site-packages:${PYTHONPATH} /usr/bin/python3 -W ignore:setup.py install is deprecated -W ignore:easy_install command is deprecated setup.py egg_info --egg-base ../../build/duav build --build-base /home/step/ros2_DUAV/build/duav/build install --record /home/step/ros2_DUAV/build/duav/install.log --single-version-externally-managed install_data
[1.417s] DEBUG:colcon.colcon_core.event_handler.log_command:Invoking command in '/home/step/ros2_DUAV/src/ps4_controllers': PYTHONPATH=/home/step/ros2_DUAV/build/ps4_controllers/prefix_override:/usr/lib/python3/dist-packages/colcon_core/task/python/colcon_distutils_commands:/home/step/ros2_DUAV/install/ps4_controllers/lib/python3.10/site-packages:${PYTHONPATH} /usr/bin/python3 -W ignore:setup.py install is deprecated -W ignore:easy_install command is deprecated setup.py egg_info --egg-base ../../build/ps4_controllers build --build-base /home/step/ros2_DUAV/build/ps4_controllers/build install --record /home/step/ros2_DUAV/build/ps4_controllers/install.log --single-version-externally-managed install_data
[2.044s] DEBUG:colcon.colcon_core.event_handler.log_command:Invoked command in '/home/step/ros2_DUAV/src/duav' returned '0': PYTHONPATH=/home/step/ros2_DUAV/build/duav/prefix_override:/usr/lib/python3/dist-packages/colcon_core/task/python/colcon_distutils_commands:/home/step/ros2_DUAV/install/duav/lib/python3.10/site-packages:${PYTHONPATH} /usr/bin/python3 -W ignore:setup.py install is deprecated -W ignore:easy_install command is deprecated setup.py egg_info --egg-base ../../build/duav build --build-base /home/step/ros2_DUAV/build/duav/build install --record /home/step/ros2_DUAV/build/duav/install.log --single-version-externally-managed install_data
[2.047s] Level 1:colcon.colcon_core.environment:checking '/home/step/ros2_DUAV/install/duav' for CMake module files
[2.048s] Level 1:colcon.colcon_core.environment:checking '/home/step/ros2_DUAV/install/duav' for CMake config files
[2.049s] Level 1:colcon.colcon_core.environment:checking '/home/step/ros2_DUAV/install/duav/lib'
[2.049s] Level 1:colcon.colcon_core.environment:checking '/home/step/ros2_DUAV/install/duav/bin'
[2.049s] Level 1:colcon.colcon_core.environment:checking '/home/step/ros2_DUAV/install/duav/lib/pkgconfig/duav.pc'
[2.050s] Level 1:colcon.colcon_core.environment:checking '/home/step/ros2_DUAV/install/duav/lib/python3.10/site-packages'
[2.050s] Level 1:colcon.colcon_core.shell:create_environment_hook('duav', 'pythonpath')
[2.050s] INFO:colcon.colcon_core.shell:Creating environment hook '/home/step/ros2_DUAV/install/duav/share/duav/hook/pythonpath.ps1'
[2.051s] INFO:colcon.colcon_core.shell:Creating environment descriptor '/home/step/ros2_DUAV/install/duav/share/duav/hook/pythonpath.dsv'
[2.052s] INFO:colcon.colcon_core.shell:Creating environment hook '/home/step/ros2_DUAV/install/duav/share/duav/hook/pythonpath.sh'
[2.053s] Level 1:colcon.colcon_core.environment:checking '/home/step/ros2_DUAV/install/duav/bin'
[2.053s] Level 1:colcon.colcon_core.environment:create_environment_scripts_only(duav)
[2.053s] INFO:colcon.colcon_core.shell:Creating package script '/home/step/ros2_DUAV/install/duav/share/duav/package.ps1'
[2.055s] INFO:colcon.colcon_core.shell:Creating package descriptor '/home/step/ros2_DUAV/install/duav/share/duav/package.dsv'
[2.056s] INFO:colcon.colcon_core.shell:Creating package script '/home/step/ros2_DUAV/install/duav/share/duav/package.sh'
[2.057s] INFO:colcon.colcon_core.shell:Creating package script '/home/step/ros2_DUAV/install/duav/share/duav/package.bash'
[2.058s] INFO:colcon.colcon_core.shell:Creating package script '/home/step/ros2_DUAV/install/duav/share/duav/package.zsh'
[2.059s] Level 1:colcon.colcon_core.environment:create_file_with_runtime_dependencies(/home/step/ros2_DUAV/install/duav/share/colcon-core/packages/duav)
[2.065s] Level 1:colcon.colcon_core.environment:checking '/home/step/ros2_DUAV/install/ps4_controllers' for CMake module files
[2.067s] DEBUG:colcon.colcon_core.event_handler.log_command:Invoked command in '/home/step/ros2_DUAV/src/ps4_controllers' returned '0': PYTHONPATH=/home/step/ros2_DUAV/build/ps4_controllers/prefix_override:/usr/lib/python3/dist-packages/colcon_core/task/python/colcon_distutils_commands:/home/step/ros2_DUAV/install/ps4_controllers/lib/python3.10/site-packages:${PYTHONPATH} /usr/bin/python3 -W ignore:setup.py install is deprecated -W ignore:easy_install command is deprecated setup.py egg_info --egg-base ../../build/ps4_controllers build --build-base /home/step/ros2_DUAV/build/ps4_controllers/build install --record /home/step/ros2_DUAV/build/ps4_controllers/install.log --single-version-externally-managed install_data
[2.067s] Level 1:colcon.colcon_core.environment:checking '/home/step/ros2_DUAV/install/ps4_controllers' for CMake config files
[2.068s] Level 1:colcon.colcon_core.environment:checking '/home/step/ros2_DUAV/install/ps4_controllers/lib'
[2.068s] Level 1:colcon.colcon_core.environment:checking '/home/step/ros2_DUAV/install/ps4_controllers/bin'
[2.068s] Level 1:colcon.colcon_core.environment:checking '/home/step/ros2_DUAV/install/ps4_controllers/lib/pkgconfig/ps4_controllers.pc'
[2.068s] Level 1:colcon.colcon_core.environment:checking '/home/step/ros2_DUAV/install/ps4_controllers/lib/python3.10/site-packages'
[2.068s] Level 1:colcon.colcon_core.shell:create_environment_hook('ps4_controllers', 'pythonpath')
[2.069s] INFO:colcon.colcon_core.shell:Creating environment hook '/home/step/ros2_DUAV/install/ps4_controllers/share/ps4_controllers/hook/pythonpath.ps1'
[2.069s] INFO:colcon.colcon_core.shell:Creating environment descriptor '/home/step/ros2_DUAV/install/ps4_controllers/share/ps4_controllers/hook/pythonpath.dsv'
[2.070s] INFO:colcon.colcon_core.shell:Creating environment hook '/home/step/ros2_DUAV/install/ps4_controllers/share/ps4_controllers/hook/pythonpath.sh'
[2.070s] Level 1:colcon.colcon_core.environment:checking '/home/step/ros2_DUAV/install/ps4_controllers/bin'
[2.070s] Level 1:colcon.colcon_core.environment:create_environment_scripts_only(ps4_controllers)
[2.071s] INFO:colcon.colcon_core.shell:Creating package script '/home/step/ros2_DUAV/install/ps4_controllers/share/ps4_controllers/package.ps1'
[2.072s] INFO:colcon.colcon_core.shell:Creating package descriptor '/home/step/ros2_DUAV/install/ps4_controllers/share/ps4_controllers/package.dsv'
[2.072s] INFO:colcon.colcon_core.shell:Creating package script '/home/step/ros2_DUAV/install/ps4_controllers/share/ps4_controllers/package.sh'
[2.073s] INFO:colcon.colcon_core.shell:Creating package script '/home/step/ros2_DUAV/install/ps4_controllers/share/ps4_controllers/package.bash'
[2.074s] INFO:colcon.colcon_core.shell:Creating package script '/home/step/ros2_DUAV/install/ps4_controllers/share/ps4_controllers/package.zsh'
[2.074s] Level 1:colcon.colcon_core.environment:create_file_with_runtime_dependencies(/home/step/ros2_DUAV/install/ps4_controllers/share/colcon-core/packages/ps4_controllers)
[2.075s] DEBUG:colcon.colcon_parallel_executor.executor.parallel:closing loop
[2.075s] DEBUG:colcon.colcon_parallel_executor.executor.parallel:loop closed
[2.075s] DEBUG:colcon.colcon_parallel_executor.executor.parallel:run_until_complete finished with '0'
[2.075s] DEBUG:colcon.colcon_core.event_reactor:joining thread
[2.082s] INFO:colcon.colcon_core.plugin_system:Skipping extension 'colcon_notification.desktop_notification.terminal_notifier': Not used on non-Darwin systems
[2.082s] INFO:colcon.colcon_core.plugin_system:Skipping extension 'colcon_notification.desktop_notification.win32': Not used on non-Windows systems
[2.082s] INFO:colcon.colcon_notification.desktop_notification:Sending desktop notification using 'notify2'
[2.097s] DEBUG:colcon.colcon_core.event_reactor:joined thread
[2.098s] INFO:colcon.colcon_core.shell:Creating prefix script '/home/step/ros2_DUAV/install/local_setup.ps1'
[2.099s] INFO:colcon.colcon_core.shell:Creating prefix util module '/home/step/ros2_DUAV/install/_local_setup_util_ps1.py'
[2.103s] INFO:colcon.colcon_core.shell:Creating prefix chain script '/home/step/ros2_DUAV/install/setup.ps1'
[2.105s] INFO:colcon.colcon_core.shell:Creating prefix script '/home/step/ros2_DUAV/install/local_setup.sh'
[2.106s] INFO:colcon.colcon_core.shell:Creating prefix util module '/home/step/ros2_DUAV/install/_local_setup_util_sh.py'
[2.107s] INFO:colcon.colcon_core.shell:Creating prefix chain script '/home/step/ros2_DUAV/install/setup.sh'
[2.108s] INFO:colcon.colcon_core.shell:Creating prefix script '/home/step/ros2_DUAV/install/local_setup.bash'
[2.109s] INFO:colcon.colcon_core.shell:Creating prefix chain script '/home/step/ros2_DUAV/install/setup.bash'
[2.111s] INFO:colcon.colcon_core.shell:Creating prefix script '/home/step/ros2_DUAV/install/local_setup.zsh'
[2.112s] INFO:colcon.colcon_core.shell:Creating prefix chain script '/home/step/ros2_DUAV/install/setup.zsh'
