[0.630s] Invoking command in '/home/step/ros2_DUAV/src/DUAV': PYTHONPATH=/home/step/ros2_DUAV/build/DUAV/prefix_override:/usr/lib/python3/dist-packages/colcon_core/task/python/colcon_distutils_commands:/home/step/ros2_DUAV/install/DUAV/lib/python3.10/site-packages:${PYTHONPATH} /usr/bin/python3 -W ignore:setup.py install is deprecated -W ignore:easy_install command is deprecated setup.py egg_info --egg-base ../../build/DUAV build --build-base /home/step/ros2_DUAV/build/DUAV/build install --record /home/step/ros2_DUAV/build/DUAV/install.log --single-version-externally-managed install_data
[0.866s] running egg_info
[0.866s] writing ../../build/DUAV/DUAV.egg-info/PKG-INFO
[0.867s] writing dependency_links to ../../build/DUAV/DUAV.egg-info/dependency_links.txt
[0.867s] writing entry points to ../../build/DUAV/DUAV.egg-info/entry_points.txt
[0.867s] writing requirements to ../../build/DUAV/DUAV.egg-info/requires.txt
[0.867s] writing top-level names to ../../build/DUAV/DUAV.egg-info/top_level.txt
[0.869s] reading manifest file '../../build/DUAV/DUAV.egg-info/SOURCES.txt'
[0.870s] writing manifest file '../../build/DUAV/DUAV.egg-info/SOURCES.txt'
[0.870s] running build
[0.870s] running build_py
[0.870s] running install
[0.871s] running install_lib
[0.872s] running install_data
[0.872s] running install_egg_info
[0.874s] removing '/home/step/ros2_DUAV/install/DUAV/lib/python3.10/site-packages/DUAV-0.0.0-py3.10.egg-info' (and everything under it)
[0.874s] Copying ../../build/DUAV/DUAV.egg-info to /home/step/ros2_DUAV/install/DUAV/lib/python3.10/site-packages/DUAV-0.0.0-py3.10.egg-info
[0.875s] running install_scripts
[0.893s] Installing analyse_CAM script to /home/step/ros2_DUAV/install/DUAV/lib/DUAV
[0.893s] Installing create_costmap script to /home/step/ros2_DUAV/install/DUAV/lib/DUAV
[0.894s] Installing create_path script to /home/step/ros2_DUAV/install/DUAV/lib/DUAV
[0.894s] Installing determine_plane_state script to /home/step/ros2_DUAV/install/DUAV/lib/DUAV
[0.894s] Installing pub_MAV script to /home/step/ros2_DUAV/install/DUAV/lib/DUAV
[0.894s] Installing select_mission_type script to /home/step/ros2_DUAV/install/DUAV/lib/DUAV
[0.894s] Installing write_MAV script to /home/step/ros2_DUAV/install/DUAV/lib/DUAV
[0.894s] writing list of installed files to '/home/step/ros2_DUAV/build/DUAV/install.log'
[0.916s] Invoked command in '/home/step/ros2_DUAV/src/DUAV' returned '0': PYTHONPATH=/home/step/ros2_DUAV/build/DUAV/prefix_override:/usr/lib/python3/dist-packages/colcon_core/task/python/colcon_distutils_commands:/home/step/ros2_DUAV/install/DUAV/lib/python3.10/site-packages:${PYTHONPATH} /usr/bin/python3 -W ignore:setup.py install is deprecated -W ignore:easy_install command is deprecated setup.py egg_info --egg-base ../../build/DUAV build --build-base /home/step/ros2_DUAV/build/DUAV/build install --record /home/step/ros2_DUAV/build/DUAV/install.log --single-version-externally-managed install_data
