[0.640s] Invoking command in '/home/step/ros2_DUAV/src/DUAV': PYTHONPATH=/home/step/ros2_DUAV/build/DUAV/prefix_override:/usr/lib/python3/dist-packages/colcon_core/task/python/colcon_distutils_commands:/home/step/ros2_DUAV/install/DUAV/lib/python3.10/site-packages:${PYTHONPATH} /usr/bin/python3 -W ignore:setup.py install is deprecated -W ignore:easy_install command is deprecated setup.py egg_info --egg-base ../../build/DUAV build --build-base /home/step/ros2_DUAV/build/DUAV/build install --record /home/step/ros2_DUAV/build/DUAV/install.log --single-version-externally-managed install_data
[0.882s] running egg_info
[0.883s] writing ../../build/DUAV/DUAV.egg-info/PKG-INFO
[0.883s] writing dependency_links to ../../build/DUAV/DUAV.egg-info/dependency_links.txt
[0.884s] writing entry points to ../../build/DUAV/DUAV.egg-info/entry_points.txt
[0.884s] writing requirements to ../../build/DUAV/DUAV.egg-info/requires.txt
[0.884s] writing top-level names to ../../build/DUAV/DUAV.egg-info/top_level.txt
[0.886s] reading manifest file '../../build/DUAV/DUAV.egg-info/SOURCES.txt'
[0.887s] writing manifest file '../../build/DUAV/DUAV.egg-info/SOURCES.txt'
[0.887s] running build
[0.887s] running build_py
[0.888s] copying DUAV/create_costmap.py -> /home/step/ros2_DUAV/build/DUAV/build/lib/DUAV
[0.888s] copying DUAV/select_mission_type.py -> /home/step/ros2_DUAV/build/DUAV/build/lib/DUAV
[0.888s] copying DUAV/pub_MAV.py -> /home/step/ros2_DUAV/build/DUAV/build/lib/DUAV
[0.889s] copying DUAV/analyse_CAM.py -> /home/step/ros2_DUAV/build/DUAV/build/lib/DUAV
[0.889s] copying DUAV/determine_plane_state.py -> /home/step/ros2_DUAV/build/DUAV/build/lib/DUAV
[0.889s] copying DUAV/write_MAV.py -> /home/step/ros2_DUAV/build/DUAV/build/lib/DUAV
[0.889s] running install
[0.889s] running install_lib
[0.890s] copying /home/step/ros2_DUAV/build/DUAV/build/lib/DUAV/create_costmap.py -> /home/step/ros2_DUAV/install/DUAV/lib/python3.10/site-packages/DUAV
[0.890s] copying /home/step/ros2_DUAV/build/DUAV/build/lib/DUAV/select_mission_type.py -> /home/step/ros2_DUAV/install/DUAV/lib/python3.10/site-packages/DUAV
[0.891s] copying /home/step/ros2_DUAV/build/DUAV/build/lib/DUAV/pub_MAV.py -> /home/step/ros2_DUAV/install/DUAV/lib/python3.10/site-packages/DUAV
[0.891s] copying /home/step/ros2_DUAV/build/DUAV/build/lib/DUAV/analyse_CAM.py -> /home/step/ros2_DUAV/install/DUAV/lib/python3.10/site-packages/DUAV
[0.891s] copying /home/step/ros2_DUAV/build/DUAV/build/lib/DUAV/determine_plane_state.py -> /home/step/ros2_DUAV/install/DUAV/lib/python3.10/site-packages/DUAV
[0.891s] copying /home/step/ros2_DUAV/build/DUAV/build/lib/DUAV/write_MAV.py -> /home/step/ros2_DUAV/install/DUAV/lib/python3.10/site-packages/DUAV
[0.892s] byte-compiling /home/step/ros2_DUAV/install/DUAV/lib/python3.10/site-packages/DUAV/create_costmap.py to create_costmap.cpython-310.pyc
[0.893s] byte-compiling /home/step/ros2_DUAV/install/DUAV/lib/python3.10/site-packages/DUAV/select_mission_type.py to select_mission_type.cpython-310.pyc
[0.893s] byte-compiling /home/step/ros2_DUAV/install/DUAV/lib/python3.10/site-packages/DUAV/pub_MAV.py to pub_MAV.cpython-310.pyc
[0.894s] byte-compiling /home/step/ros2_DUAV/install/DUAV/lib/python3.10/site-packages/DUAV/analyse_CAM.py to analyse_CAM.cpython-310.pyc
[0.894s] byte-compiling /home/step/ros2_DUAV/install/DUAV/lib/python3.10/site-packages/DUAV/determine_plane_state.py to determine_plane_state.cpython-310.pyc
[0.895s] byte-compiling /home/step/ros2_DUAV/install/DUAV/lib/python3.10/site-packages/DUAV/write_MAV.py to write_MAV.cpython-310.pyc
[0.896s] running install_data
[0.896s] running install_egg_info
[0.898s] removing '/home/step/ros2_DUAV/install/DUAV/lib/python3.10/site-packages/DUAV-0.0.0-py3.10.egg-info' (and everything under it)
[0.898s] Copying ../../build/DUAV/DUAV.egg-info to /home/step/ros2_DUAV/install/DUAV/lib/python3.10/site-packages/DUAV-0.0.0-py3.10.egg-info
[0.899s] running install_scripts
[0.925s] Installing analyse_CAM script to /home/step/ros2_DUAV/install/DUAV/lib/DUAV
[0.925s] Installing create_costmap script to /home/step/ros2_DUAV/install/DUAV/lib/DUAV
[0.926s] Installing create_path script to /home/step/ros2_DUAV/install/DUAV/lib/DUAV
[0.926s] Installing determine_plane_state script to /home/step/ros2_DUAV/install/DUAV/lib/DUAV
[0.926s] Installing pub_MAV script to /home/step/ros2_DUAV/install/DUAV/lib/DUAV
[0.926s] Installing select_mission_type script to /home/step/ros2_DUAV/install/DUAV/lib/DUAV
[0.927s] Installing write_MAV script to /home/step/ros2_DUAV/install/DUAV/lib/DUAV
[0.927s] writing list of installed files to '/home/step/ros2_DUAV/build/DUAV/install.log'
[0.965s] Invoked command in '/home/step/ros2_DUAV/src/DUAV' returned '0': PYTHONPATH=/home/step/ros2_DUAV/build/DUAV/prefix_override:/usr/lib/python3/dist-packages/colcon_core/task/python/colcon_distutils_commands:/home/step/ros2_DUAV/install/DUAV/lib/python3.10/site-packages:${PYTHONPATH} /usr/bin/python3 -W ignore:setup.py install is deprecated -W ignore:easy_install command is deprecated setup.py egg_info --egg-base ../../build/DUAV build --build-base /home/step/ros2_DUAV/build/DUAV/build install --record /home/step/ros2_DUAV/build/DUAV/install.log --single-version-externally-managed install_data
