[0.711s] Invoking command in '/home/step/ros2_DUAV/src/DUAV': PYTHONPATH=/home/step/ros2_DUAV/build/DUAV/prefix_override:/usr/lib/python3/dist-packages/colcon_core/task/python/colcon_distutils_commands:/home/step/ros2_DUAV/install/DUAV/lib/python3.10/site-packages:${PYTHONPATH} /usr/bin/python3 -W ignore:setup.py install is deprecated -W ignore:easy_install command is deprecated setup.py egg_info --egg-base ../../build/DUAV build --build-base /home/step/ros2_DUAV/build/DUAV/build install --record /home/step/ros2_DUAV/build/DUAV/install.log --single-version-externally-managed install_data
[0.946s] running egg_info
[0.946s] writing ../../build/DUAV/DUAV.egg-info/PKG-INFO
[0.946s] writing dependency_links to ../../build/DUAV/DUAV.egg-info/dependency_links.txt
[0.947s] writing entry points to ../../build/DUAV/DUAV.egg-info/entry_points.txt
[0.947s] writing requirements to ../../build/DUAV/DUAV.egg-info/requires.txt
[0.947s] writing top-level names to ../../build/DUAV/DUAV.egg-info/top_level.txt
[0.949s] reading manifest file '../../build/DUAV/DUAV.egg-info/SOURCES.txt'
[0.949s] writing manifest file '../../build/DUAV/DUAV.egg-info/SOURCES.txt'
[0.949s] running build
[0.950s] running build_py
[0.950s] copying DUAV/select_mission_type.py -> /home/step/ros2_DUAV/build/DUAV/build/lib/DUAV
[0.950s] copying DUAV/analyse_CAM.py -> /home/step/ros2_DUAV/build/DUAV/build/lib/DUAV
[0.950s] copying DUAV/determine_plane_state.py -> /home/step/ros2_DUAV/build/DUAV/build/lib/DUAV
[0.950s] copying DUAV/write_MAV.py -> /home/step/ros2_DUAV/build/DUAV/build/lib/DUAV
[0.951s] copying DUAV/create_path.py -> /home/step/ros2_DUAV/build/DUAV/build/lib/DUAV
[0.951s] running install
[0.951s] running install_lib
[0.952s] copying /home/step/ros2_DUAV/build/DUAV/build/lib/DUAV/select_mission_type.py -> /home/step/ros2_DUAV/install/DUAV/lib/python3.10/site-packages/DUAV
[0.952s] copying /home/step/ros2_DUAV/build/DUAV/build/lib/DUAV/analyse_CAM.py -> /home/step/ros2_DUAV/install/DUAV/lib/python3.10/site-packages/DUAV
[0.952s] copying /home/step/ros2_DUAV/build/DUAV/build/lib/DUAV/determine_plane_state.py -> /home/step/ros2_DUAV/install/DUAV/lib/python3.10/site-packages/DUAV
[0.953s] copying /home/step/ros2_DUAV/build/DUAV/build/lib/DUAV/write_MAV.py -> /home/step/ros2_DUAV/install/DUAV/lib/python3.10/site-packages/DUAV
[0.953s] copying /home/step/ros2_DUAV/build/DUAV/build/lib/DUAV/create_path.py -> /home/step/ros2_DUAV/install/DUAV/lib/python3.10/site-packages/DUAV
[0.953s] byte-compiling /home/step/ros2_DUAV/install/DUAV/lib/python3.10/site-packages/DUAV/select_mission_type.py to select_mission_type.cpython-310.pyc
[0.954s] byte-compiling /home/step/ros2_DUAV/install/DUAV/lib/python3.10/site-packages/DUAV/analyse_CAM.py to analyse_CAM.cpython-310.pyc
[0.954s] byte-compiling /home/step/ros2_DUAV/install/DUAV/lib/python3.10/site-packages/DUAV/determine_plane_state.py to determine_plane_state.cpython-310.pyc
[0.955s] byte-compiling /home/step/ros2_DUAV/install/DUAV/lib/python3.10/site-packages/DUAV/write_MAV.py to write_MAV.cpython-310.pyc
[0.956s] byte-compiling /home/step/ros2_DUAV/install/DUAV/lib/python3.10/site-packages/DUAV/create_path.py to create_path.cpython-310.pyc
[0.956s] running install_data
[0.957s] running install_egg_info
[0.959s] removing '/home/step/ros2_DUAV/install/DUAV/lib/python3.10/site-packages/DUAV-0.0.0-py3.10.egg-info' (and everything under it)
[0.960s] Copying ../../build/DUAV/DUAV.egg-info to /home/step/ros2_DUAV/install/DUAV/lib/python3.10/site-packages/DUAV-0.0.0-py3.10.egg-info
[0.962s] running install_scripts
[0.982s] Installing analyse_CAM script to /home/step/ros2_DUAV/install/DUAV/lib/DUAV
[0.983s] Installing create_path script to /home/step/ros2_DUAV/install/DUAV/lib/DUAV
[0.983s] Installing determine_plane_state script to /home/step/ros2_DUAV/install/DUAV/lib/DUAV
[0.983s] Installing pub_MAV script to /home/step/ros2_DUAV/install/DUAV/lib/DUAV
[0.983s] Installing select_mission_type script to /home/step/ros2_DUAV/install/DUAV/lib/DUAV
[0.983s] Installing write_MAV script to /home/step/ros2_DUAV/install/DUAV/lib/DUAV
[0.983s] writing list of installed files to '/home/step/ros2_DUAV/build/DUAV/install.log'
[1.007s] Invoked command in '/home/step/ros2_DUAV/src/DUAV' returned '0': PYTHONPATH=/home/step/ros2_DUAV/build/DUAV/prefix_override:/usr/lib/python3/dist-packages/colcon_core/task/python/colcon_distutils_commands:/home/step/ros2_DUAV/install/DUAV/lib/python3.10/site-packages:${PYTHONPATH} /usr/bin/python3 -W ignore:setup.py install is deprecated -W ignore:easy_install command is deprecated setup.py egg_info --egg-base ../../build/DUAV build --build-base /home/step/ros2_DUAV/build/DUAV/build install --record /home/step/ros2_DUAV/build/DUAV/install.log --single-version-externally-managed install_data
