[0.699s] Invoking command in '/home/step/ros2_DUAV/src/DUAV': PYTHONPATH=/home/step/ros2_DUAV/build/DUAV/prefix_override:/usr/lib/python3/dist-packages/colcon_core/task/python/colcon_distutils_commands:/home/step/ros2_DUAV/install/DUAV/lib/python3.10/site-packages:${PYTHONPATH} /usr/bin/python3 -W ignore:setup.py install is deprecated -W ignore:easy_install command is deprecated setup.py egg_info --egg-base ../../build/DUAV build --build-base /home/step/ros2_DUAV/build/DUAV/build install --record /home/step/ros2_DUAV/build/DUAV/install.log --single-version-externally-managed install_data
[1.032s] running egg_info
[1.033s] writing ../../build/DUAV/DUAV.egg-info/PKG-INFO
[1.034s] writing dependency_links to ../../build/DUAV/DUAV.egg-info/dependency_links.txt
[1.034s] writing entry points to ../../build/DUAV/DUAV.egg-info/entry_points.txt
[1.035s] writing requirements to ../../build/DUAV/DUAV.egg-info/requires.txt
[1.035s] writing top-level names to ../../build/DUAV/DUAV.egg-info/top_level.txt
[1.037s] reading manifest file '../../build/DUAV/DUAV.egg-info/SOURCES.txt'
[1.038s] writing manifest file '../../build/DUAV/DUAV.egg-info/SOURCES.txt'
[1.038s] running build
[1.039s] running build_py
[1.039s] copying DUAV/pub_MAV.py -> /home/step/ros2_DUAV/build/DUAV/build/lib/DUAV
[1.040s] copying DUAV/analyse_CAM.py -> /home/step/ros2_DUAV/build/DUAV/build/lib/DUAV
[1.040s] copying DUAV/determine_plane_state.py -> /home/step/ros2_DUAV/build/DUAV/build/lib/DUAV
[1.040s] copying DUAV/write_MAV.py -> /home/step/ros2_DUAV/build/DUAV/build/lib/DUAV
[1.041s] copying DUAV/create_path.py -> /home/step/ros2_DUAV/build/DUAV/build/lib/DUAV
[1.042s] running install
[1.043s] running install_lib
[1.044s] copying /home/step/ros2_DUAV/build/DUAV/build/lib/DUAV/pub_MAV.py -> /home/step/ros2_DUAV/install/DUAV/lib/python3.10/site-packages/DUAV
[1.044s] copying /home/step/ros2_DUAV/build/DUAV/build/lib/DUAV/analyse_CAM.py -> /home/step/ros2_DUAV/install/DUAV/lib/python3.10/site-packages/DUAV
[1.045s] copying /home/step/ros2_DUAV/build/DUAV/build/lib/DUAV/determine_plane_state.py -> /home/step/ros2_DUAV/install/DUAV/lib/python3.10/site-packages/DUAV
[1.045s] copying /home/step/ros2_DUAV/build/DUAV/build/lib/DUAV/write_MAV.py -> /home/step/ros2_DUAV/install/DUAV/lib/python3.10/site-packages/DUAV
[1.045s] copying /home/step/ros2_DUAV/build/DUAV/build/lib/DUAV/create_path.py -> /home/step/ros2_DUAV/install/DUAV/lib/python3.10/site-packages/DUAV
[1.046s] byte-compiling /home/step/ros2_DUAV/install/DUAV/lib/python3.10/site-packages/DUAV/pub_MAV.py to pub_MAV.cpython-310.pyc
[1.047s] byte-compiling /home/step/ros2_DUAV/install/DUAV/lib/python3.10/site-packages/DUAV/analyse_CAM.py to analyse_CAM.cpython-310.pyc
[1.048s] byte-compiling /home/step/ros2_DUAV/install/DUAV/lib/python3.10/site-packages/DUAV/determine_plane_state.py to determine_plane_state.cpython-310.pyc
[1.049s] byte-compiling /home/step/ros2_DUAV/install/DUAV/lib/python3.10/site-packages/DUAV/write_MAV.py to write_MAV.cpython-310.pyc
[1.050s] byte-compiling /home/step/ros2_DUAV/install/DUAV/lib/python3.10/site-packages/DUAV/create_path.py to create_path.cpython-310.pyc
[1.051s] running install_data
[1.052s] running install_egg_info
[1.058s] removing '/home/step/ros2_DUAV/install/DUAV/lib/python3.10/site-packages/DUAV-0.0.0-py3.10.egg-info' (and everything under it)
[1.059s] Copying ../../build/DUAV/DUAV.egg-info to /home/step/ros2_DUAV/install/DUAV/lib/python3.10/site-packages/DUAV-0.0.0-py3.10.egg-info
[1.061s] running install_scripts
[1.104s] Installing analyse_CAM script to /home/step/ros2_DUAV/install/DUAV/lib/DUAV
[1.104s] Installing create_path script to /home/step/ros2_DUAV/install/DUAV/lib/DUAV
[1.105s] Installing determine_plane_state script to /home/step/ros2_DUAV/install/DUAV/lib/DUAV
[1.105s] Installing pub_MAV script to /home/step/ros2_DUAV/install/DUAV/lib/DUAV
[1.105s] Installing select_mission_type script to /home/step/ros2_DUAV/install/DUAV/lib/DUAV
[1.106s] Installing write_MAV script to /home/step/ros2_DUAV/install/DUAV/lib/DUAV
[1.106s] writing list of installed files to '/home/step/ros2_DUAV/build/DUAV/install.log'
[1.156s] Invoked command in '/home/step/ros2_DUAV/src/DUAV' returned '0': PYTHONPATH=/home/step/ros2_DUAV/build/DUAV/prefix_override:/usr/lib/python3/dist-packages/colcon_core/task/python/colcon_distutils_commands:/home/step/ros2_DUAV/install/DUAV/lib/python3.10/site-packages:${PYTHONPATH} /usr/bin/python3 -W ignore:setup.py install is deprecated -W ignore:easy_install command is deprecated setup.py egg_info --egg-base ../../build/DUAV build --build-base /home/step/ros2_DUAV/build/DUAV/build install --record /home/step/ros2_DUAV/build/DUAV/install.log --single-version-externally-managed install_data
