[0.278s] Invoking command in '/home/step/ros2_DUAV/build/joy_linux': CMAKE_PREFIX_PATH=/opt/ros/humble /usr/bin/cmake /home/step/ros2_DUAV/src/joystick_drivers/joy_linux -DCMAKE_INSTALL_PREFIX=/home/step/ros2_DUAV/install/joy_linux
[0.355s] -- The C compiler identification is GNU 11.4.0
[0.457s] -- The CXX compiler identification is GNU 11.4.0
[0.471s] -- Detecting C compiler ABI info
[0.558s] -- Detecting C compiler ABI info - done
[0.575s] -- Check for working C compiler: /usr/lib/ccache/cc - skipped
[0.576s] -- Detecting C compile features
[0.576s] -- Detecting C compile features - done
[0.582s] -- Detecting CXX compiler ABI info
[0.672s] -- Detecting CXX compiler ABI info - done
[0.682s] -- Check for working CXX compiler: /usr/lib/ccache/c++ - skipped
[0.682s] -- Detecting CXX compile features
[0.683s] -- Detecting CXX compile features - done
[0.686s] -- Found ament_cmake: 1.3.11 (/opt/ros/humble/share/ament_cmake/cmake)
[1.228s] -- Found Python3: /usr/bin/python3 (found version "3.10.12") found components: Interpreter 
[1.389s] -- Found diagnostic_msgs: 4.2.4 (/opt/ros/humble/share/diagnostic_msgs/cmake)
[1.450s] -- Found rosidl_generator_c: 3.1.6 (/opt/ros/humble/share/rosidl_generator_c/cmake)
[1.457s] -- Found rosidl_adapter: 3.1.6 (/opt/ros/humble/share/rosidl_adapter/cmake)
[1.470s] -- Found rosidl_generator_cpp: 3.1.6 (/opt/ros/humble/share/rosidl_generator_cpp/cmake)
[1.488s] -- Using all available rosidl_typesupport_c: rosidl_typesupport_fastrtps_c;rosidl_typesupport_introspection_c
[1.512s] -- Using all available rosidl_typesupport_cpp: rosidl_typesupport_fastrtps_cpp;rosidl_typesupport_introspection_cpp
[1.579s] -- Found diagnostic_updater: 4.0.0 (/opt/ros/humble/share/diagnostic_updater/cmake)
[1.644s] -- Found rmw_implementation_cmake: 6.1.2 (/opt/ros/humble/share/rmw_implementation_cmake/cmake)
[1.648s] -- Found rmw_fastrtps_cpp: 6.2.7 (/opt/ros/humble/share/rmw_fastrtps_cpp/cmake)
[1.782s] -- Found OpenSSL: /usr/lib/x86_64-linux-gnu/libcrypto.so (found version "3.0.2")  
[1.826s] -- Found FastRTPS: /opt/ros/humble/include  
[1.878s] -- Using RMW implementation 'rmw_fastrtps_cpp' as default
[1.891s] -- Looking for pthread.h
[2.013s] -- Looking for pthread.h - found
[2.013s] -- Performing Test CMAKE_HAVE_LIBC_PTHREAD
[2.131s] -- Performing Test CMAKE_HAVE_LIBC_PTHREAD - Success
[2.134s] -- Found Threads: TRUE  
[2.221s] -- Found sensor_msgs: 4.2.4 (/opt/ros/humble/share/sensor_msgs/cmake)
[2.265s] -- Looking for include file linux/joystick.h
[2.372s] -- Looking for include file linux/joystick.h - found
[2.375s] -- Found ament_lint_auto: 0.12.11 (/opt/ros/humble/share/ament_lint_auto/cmake)
[2.481s] -- Added test 'cppcheck' to perform static code analysis on C / C++ code
[2.482s] -- Configured cppcheck include dirs: /home/step/ros2_DUAV/src/joystick_drivers/joy_linux/msg/cpp
[2.482s] -- Configured cppcheck exclude dirs and/or files: 
[2.482s] -- Added test 'cpplint' to check C / C++ code against the Google style
[2.483s] -- Configured cpplint exclude dirs and/or files: 
[2.484s] -- Added test 'lint_cmake' to check CMake code style
[2.485s] -- Added test 'uncrustify' to check C / C++ code style
[2.485s] -- Configured uncrustify additional arguments: 
[2.485s] -- Added test 'xmllint' to check XML markup files
[2.487s] -- Configuring done
[2.499s] -- Generating done
[2.503s] -- Build files have been written to: /home/step/ros2_DUAV/build/joy_linux
