[0.860s] Invoking command in '/home/step/ros2_DUAV/src/duav': PYTHONPATH=/home/step/ros2_DUAV/build/duav/prefix_override:/usr/lib/python3/dist-packages/colcon_core/task/python/colcon_distutils_commands:/home/step/ros2_DUAV/install/duav/lib/python3.10/site-packages:${PYTHONPATH} /usr/bin/python3 -W ignore:setup.py install is deprecated -W ignore:easy_install command is deprecated setup.py egg_info --egg-base ../../build/duav build --build-base /home/step/ros2_DUAV/build/duav/build install --record /home/step/ros2_DUAV/build/duav/install.log --single-version-externally-managed install_data
[1.035s] /home/step/.local/lib/python3.10/site-packages/setuptools/_distutils/dist.py:261: UserWarning: Unknown distribution option: 'tests_require'
[1.035s]   warnings.warn(msg)
[1.149s] running egg_info
[1.168s] writing ../../build/duav/duav.egg-info/PKG-INFO
[1.168s] writing dependency_links to ../../build/duav/duav.egg-info/dependency_links.txt
[1.169s] writing entry points to ../../build/duav/duav.egg-info/entry_points.txt
[1.169s] writing requirements to ../../build/duav/duav.egg-info/requires.txt
[1.169s] writing top-level names to ../../build/duav/duav.egg-info/top_level.txt
[1.207s] reading manifest file '../../build/duav/duav.egg-info/SOURCES.txt'
[1.208s] writing manifest file '../../build/duav/duav.egg-info/SOURCES.txt'
[1.208s] running build
[1.209s] running build_py
[1.209s] copying duav/create_path.py -> /home/step/ros2_DUAV/build/duav/build/lib/duav
[1.209s] copying duav/determine_plane_state.py -> /home/step/ros2_DUAV/build/duav/build/lib/duav
[1.209s] copying duav/__init__.py -> /home/step/ros2_DUAV/build/duav/build/lib/duav
[1.209s] copying duav/pub_MAV.py -> /home/step/ros2_DUAV/build/duav/build/lib/duav
[1.209s] copying duav/select_mission_type.py -> /home/step/ros2_DUAV/build/duav/build/lib/duav
[1.210s] copying duav/create_costmap.py -> /home/step/ros2_DUAV/build/duav/build/lib/duav
[1.210s] copying duav/analyse_CAM.py -> /home/step/ros2_DUAV/build/duav/build/lib/duav
[1.210s] copying duav/write_MAV.py -> /home/step/ros2_DUAV/build/duav/build/lib/duav
[1.210s] running install
[1.216s] running install_lib
[1.234s] copying /home/step/ros2_DUAV/build/duav/build/lib/duav/pub_MAV.py -> /home/step/ros2_DUAV/install/duav/lib/python3.10/site-packages/duav
[1.235s] byte-compiling /home/step/ros2_DUAV/install/duav/lib/python3.10/site-packages/duav/pub_MAV.py to pub_MAV.cpython-310.pyc
[1.236s] running install_data
[1.236s] copying resource/duav -> /home/step/ros2_DUAV/install/duav/share/ament_index/resource_index/packages
[1.236s] copying package.xml -> /home/step/ros2_DUAV/install/duav/share/duav
[1.237s] copying launch/launch_all.launch.py -> /home/step/ros2_DUAV/install/duav/share/duav
[1.237s] running install_egg_info
[1.257s] removing '/home/step/ros2_DUAV/install/duav/lib/python3.10/site-packages/duav-0.0.0-py3.10.egg-info' (and everything under it)
[1.257s] Copying ../../build/duav/duav.egg-info to /home/step/ros2_DUAV/install/duav/lib/python3.10/site-packages/duav-0.0.0-py3.10.egg-info
[1.258s] running install_scripts
[1.417s] Installing analyse_CAM script to /home/step/ros2_DUAV/install/duav/lib/duav
[1.417s] Installing create_costmap script to /home/step/ros2_DUAV/install/duav/lib/duav
[1.418s] Installing create_path script to /home/step/ros2_DUAV/install/duav/lib/duav
[1.418s] Installing determine_plane_state script to /home/step/ros2_DUAV/install/duav/lib/duav
[1.418s] Installing pub_MAV script to /home/step/ros2_DUAV/install/duav/lib/duav
[1.418s] Installing select_mission_type script to /home/step/ros2_DUAV/install/duav/lib/duav
[1.418s] Installing write_MAV script to /home/step/ros2_DUAV/install/duav/lib/duav
[1.418s] writing list of installed files to '/home/step/ros2_DUAV/build/duav/install.log'
[1.447s] Invoked command in '/home/step/ros2_DUAV/src/duav' returned '0': PYTHONPATH=/home/step/ros2_DUAV/build/duav/prefix_override:/usr/lib/python3/dist-packages/colcon_core/task/python/colcon_distutils_commands:/home/step/ros2_DUAV/install/duav/lib/python3.10/site-packages:${PYTHONPATH} /usr/bin/python3 -W ignore:setup.py install is deprecated -W ignore:easy_install command is deprecated setup.py egg_info --egg-base ../../build/duav build --build-base /home/step/ros2_DUAV/build/duav/build install --record /home/step/ros2_DUAV/build/duav/install.log --single-version-externally-managed install_data
