[0.698s] Invoking command in '/home/step/ros2_DUAV/src/DUAV': PYTHONPATH=/home/step/ros2_DUAV/build/DUAV/prefix_override:/usr/lib/python3/dist-packages/colcon_core/task/python/colcon_distutils_commands:/home/step/ros2_DUAV/install/DUAV/lib/python3.10/site-packages:${PYTHONPATH} /usr/bin/python3 -W ignore:setup.py install is deprecated -W ignore:easy_install command is deprecated setup.py egg_info --egg-base ../../build/DUAV build --build-base /home/step/ros2_DUAV/build/DUAV/build install --record /home/step/ros2_DUAV/build/DUAV/install.log --single-version-externally-managed install_data
[0.943s] running egg_info
[0.944s] writing ../../build/DUAV/DUAV.egg-info/PKG-INFO
[0.945s] writing dependency_links to ../../build/DUAV/DUAV.egg-info/dependency_links.txt
[0.945s] writing entry points to ../../build/DUAV/DUAV.egg-info/entry_points.txt
[0.946s] writing requirements to ../../build/DUAV/DUAV.egg-info/requires.txt
[0.946s] writing top-level names to ../../build/DUAV/DUAV.egg-info/top_level.txt
[0.953s] reading manifest file '../../build/DUAV/DUAV.egg-info/SOURCES.txt'
[0.954s] writing manifest file '../../build/DUAV/DUAV.egg-info/SOURCES.txt'
[0.954s] running build
[0.954s] running build_py
[0.955s] copying DUAV/select_mission_type.py -> /home/step/ros2_DUAV/build/DUAV/build/lib/DUAV
[0.955s] running install
[0.956s] running install_lib
[0.956s] copying /home/step/ros2_DUAV/build/DUAV/build/lib/DUAV/select_mission_type.py -> /home/step/ros2_DUAV/install/DUAV/lib/python3.10/site-packages/DUAV
[0.957s] byte-compiling /home/step/ros2_DUAV/install/DUAV/lib/python3.10/site-packages/DUAV/select_mission_type.py to select_mission_type.cpython-310.pyc
[0.958s] running install_data
[0.958s] running install_egg_info
[0.960s] removing '/home/step/ros2_DUAV/install/DUAV/lib/python3.10/site-packages/DUAV-0.0.0-py3.10.egg-info' (and everything under it)
[0.960s] Copying ../../build/DUAV/DUAV.egg-info to /home/step/ros2_DUAV/install/DUAV/lib/python3.10/site-packages/DUAV-0.0.0-py3.10.egg-info
[0.961s] running install_scripts
[0.988s] Installing analyse_CAM script to /home/step/ros2_DUAV/install/DUAV/lib/DUAV
[0.988s] Installing create_path script to /home/step/ros2_DUAV/install/DUAV/lib/DUAV
[0.989s] Installing determine_plane_state script to /home/step/ros2_DUAV/install/DUAV/lib/DUAV
[0.989s] Installing pub_MAV script to /home/step/ros2_DUAV/install/DUAV/lib/DUAV
[0.989s] Installing select_mission_type script to /home/step/ros2_DUAV/install/DUAV/lib/DUAV
[0.989s] Installing write_MAV script to /home/step/ros2_DUAV/install/DUAV/lib/DUAV
[0.989s] writing list of installed files to '/home/step/ros2_DUAV/build/DUAV/install.log'
[1.013s] Invoked command in '/home/step/ros2_DUAV/src/DUAV' returned '0': PYTHONPATH=/home/step/ros2_DUAV/build/DUAV/prefix_override:/usr/lib/python3/dist-packages/colcon_core/task/python/colcon_distutils_commands:/home/step/ros2_DUAV/install/DUAV/lib/python3.10/site-packages:${PYTHONPATH} /usr/bin/python3 -W ignore:setup.py install is deprecated -W ignore:easy_install command is deprecated setup.py egg_info --egg-base ../../build/DUAV build --build-base /home/step/ros2_DUAV/build/DUAV/build install --record /home/step/ros2_DUAV/build/DUAV/install.log --single-version-externally-managed install_data
