[0.924s] Invoking command in '/home/step/ros2_DUAV/src/duav': PYTHONPATH=/home/step/ros2_DUAV/build/duav/prefix_override:/usr/lib/python3/dist-packages/colcon_core/task/python/colcon_distutils_commands:/home/step/ros2_DUAV/install/duav/lib/python3.10/site-packages:${PYTHONPATH} /usr/bin/python3 -W ignore:setup.py install is deprecated -W ignore:easy_install command is deprecated setup.py egg_info --egg-base ../../build/duav build --build-base /home/step/ros2_DUAV/build/duav/build install --record /home/step/ros2_DUAV/build/duav/install.log --single-version-externally-managed install_data
[1.114s] /home/step/.local/lib/python3.10/site-packages/setuptools/_distutils/dist.py:261: UserWarning: Unknown distribution option: 'tests_require'
[1.114s]   warnings.warn(msg)
[1.233s] running egg_info
[1.258s] writing ../../build/duav/duav.egg-info/PKG-INFO
[1.259s] writing dependency_links to ../../build/duav/duav.egg-info/dependency_links.txt
[1.259s] writing entry points to ../../build/duav/duav.egg-info/entry_points.txt
[1.259s] writing requirements to ../../build/duav/duav.egg-info/requires.txt
[1.259s] writing top-level names to ../../build/duav/duav.egg-info/top_level.txt
[1.299s] reading manifest file '../../build/duav/duav.egg-info/SOURCES.txt'
[1.300s] writing manifest file '../../build/duav/duav.egg-info/SOURCES.txt'
[1.301s] running build
[1.301s] running build_py
[1.301s] copying duav/create_path.py -> /home/step/ros2_DUAV/build/duav/build/lib/duav
[1.301s] copying duav/determine_plane_state.py -> /home/step/ros2_DUAV/build/duav/build/lib/duav
[1.301s] copying duav/__init__.py -> /home/step/ros2_DUAV/build/duav/build/lib/duav
[1.301s] copying duav/pub_MAV.py -> /home/step/ros2_DUAV/build/duav/build/lib/duav
[1.302s] copying duav/select_mission_type.py -> /home/step/ros2_DUAV/build/duav/build/lib/duav
[1.302s] copying duav/create_costmap.py -> /home/step/ros2_DUAV/build/duav/build/lib/duav
[1.302s] copying duav/analyse_CAM.py -> /home/step/ros2_DUAV/build/duav/build/lib/duav
[1.302s] copying duav/write_MAV.py -> /home/step/ros2_DUAV/build/duav/build/lib/duav
[1.303s] running install
[1.308s] running install_lib
[1.327s] running install_data
[1.328s] copying resource/duav -> /home/step/ros2_DUAV/install/duav/share/ament_index/resource_index/packages
[1.328s] copying package.xml -> /home/step/ros2_DUAV/install/duav/share/duav
[1.328s] copying launch/launch_all.launch.py -> /home/step/ros2_DUAV/install/duav/share/duav
[1.328s] running install_egg_info
[1.352s] removing '/home/step/ros2_DUAV/install/duav/lib/python3.10/site-packages/duav-0.0.0-py3.10.egg-info' (and everything under it)
[1.352s] Copying ../../build/duav/duav.egg-info to /home/step/ros2_DUAV/install/duav/lib/python3.10/site-packages/duav-0.0.0-py3.10.egg-info
[1.353s] running install_scripts
[1.525s] Installing analyse_CAM script to /home/step/ros2_DUAV/install/duav/lib/duav
[1.525s] Installing create_costmap script to /home/step/ros2_DUAV/install/duav/lib/duav
[1.525s] Installing create_path script to /home/step/ros2_DUAV/install/duav/lib/duav
[1.525s] Installing determine_plane_state script to /home/step/ros2_DUAV/install/duav/lib/duav
[1.526s] Installing pub_MAV script to /home/step/ros2_DUAV/install/duav/lib/duav
[1.526s] Installing select_mission_type script to /home/step/ros2_DUAV/install/duav/lib/duav
[1.526s] Installing write_MAV script to /home/step/ros2_DUAV/install/duav/lib/duav
[1.526s] writing list of installed files to '/home/step/ros2_DUAV/build/duav/install.log'
[1.561s] Invoked command in '/home/step/ros2_DUAV/src/duav' returned '0': PYTHONPATH=/home/step/ros2_DUAV/build/duav/prefix_override:/usr/lib/python3/dist-packages/colcon_core/task/python/colcon_distutils_commands:/home/step/ros2_DUAV/install/duav/lib/python3.10/site-packages:${PYTHONPATH} /usr/bin/python3 -W ignore:setup.py install is deprecated -W ignore:easy_install command is deprecated setup.py egg_info --egg-base ../../build/duav build --build-base /home/step/ros2_DUAV/build/duav/build install --record /home/step/ros2_DUAV/build/duav/install.log --single-version-externally-managed install_data
