[0.655s] Invoking command in '/home/step/ros2_DUAV/src/duav': PYTHONPATH=/home/step/ros2_DUAV/build/duav/prefix_override:/usr/lib/python3/dist-packages/colcon_core/task/python/colcon_distutils_commands:/home/step/ros2_DUAV/install/duav/lib/python3.10/site-packages:${PYTHONPATH} /usr/bin/python3 -W ignore:setup.py install is deprecated -W ignore:easy_install command is deprecated setup.py egg_info --egg-base ../../build/duav build --build-base /home/step/ros2_DUAV/build/duav/build install --record /home/step/ros2_DUAV/build/duav/install.log --single-version-externally-managed install_data
[0.908s] running egg_info
[0.909s] creating ../../build/duav/duav.egg-info
[0.909s] writing ../../build/duav/duav.egg-info/PKG-INFO
[0.909s] writing dependency_links to ../../build/duav/duav.egg-info/dependency_links.txt
[0.909s] writing entry points to ../../build/duav/duav.egg-info/entry_points.txt
[0.909s] writing requirements to ../../build/duav/duav.egg-info/requires.txt
[0.909s] writing top-level names to ../../build/duav/duav.egg-info/top_level.txt
[0.910s] writing manifest file '../../build/duav/duav.egg-info/SOURCES.txt'
[0.911s] reading manifest file '../../build/duav/duav.egg-info/SOURCES.txt'
[0.912s] writing manifest file '../../build/duav/duav.egg-info/SOURCES.txt'
[0.912s] running build
[0.912s] running build_py
[0.912s] creating /home/step/ros2_DUAV/build/duav/build
[0.912s] creating /home/step/ros2_DUAV/build/duav/build/lib
[0.912s] creating /home/step/ros2_DUAV/build/duav/build/lib/duav
[0.912s] copying duav/create_path.py -> /home/step/ros2_DUAV/build/duav/build/lib/duav
[0.913s] copying duav/determine_plane_state.py -> /home/step/ros2_DUAV/build/duav/build/lib/duav
[0.913s] copying duav/__init__.py -> /home/step/ros2_DUAV/build/duav/build/lib/duav
[0.913s] copying duav/pub_MAV.py -> /home/step/ros2_DUAV/build/duav/build/lib/duav
[0.913s] copying duav/select_mission_type.py -> /home/step/ros2_DUAV/build/duav/build/lib/duav
[0.913s] copying duav/create_costmap.py -> /home/step/ros2_DUAV/build/duav/build/lib/duav
[0.913s] copying duav/analyse_CAM.py -> /home/step/ros2_DUAV/build/duav/build/lib/duav
[0.913s] copying duav/write_MAV.py -> /home/step/ros2_DUAV/build/duav/build/lib/duav
[0.913s] running install
[0.914s] running install_lib
[0.915s] creating /home/step/ros2_DUAV/install/duav/lib/python3.10/site-packages/duav
[0.915s] copying /home/step/ros2_DUAV/build/duav/build/lib/duav/create_path.py -> /home/step/ros2_DUAV/install/duav/lib/python3.10/site-packages/duav
[0.915s] copying /home/step/ros2_DUAV/build/duav/build/lib/duav/determine_plane_state.py -> /home/step/ros2_DUAV/install/duav/lib/python3.10/site-packages/duav
[0.915s] copying /home/step/ros2_DUAV/build/duav/build/lib/duav/__init__.py -> /home/step/ros2_DUAV/install/duav/lib/python3.10/site-packages/duav
[0.915s] copying /home/step/ros2_DUAV/build/duav/build/lib/duav/pub_MAV.py -> /home/step/ros2_DUAV/install/duav/lib/python3.10/site-packages/duav
[0.915s] copying /home/step/ros2_DUAV/build/duav/build/lib/duav/select_mission_type.py -> /home/step/ros2_DUAV/install/duav/lib/python3.10/site-packages/duav
[0.915s] copying /home/step/ros2_DUAV/build/duav/build/lib/duav/create_costmap.py -> /home/step/ros2_DUAV/install/duav/lib/python3.10/site-packages/duav
[0.915s] copying /home/step/ros2_DUAV/build/duav/build/lib/duav/analyse_CAM.py -> /home/step/ros2_DUAV/install/duav/lib/python3.10/site-packages/duav
[0.915s] copying /home/step/ros2_DUAV/build/duav/build/lib/duav/write_MAV.py -> /home/step/ros2_DUAV/install/duav/lib/python3.10/site-packages/duav
[0.916s] byte-compiling /home/step/ros2_DUAV/install/duav/lib/python3.10/site-packages/duav/create_path.py to create_path.cpython-310.pyc
[0.916s] byte-compiling /home/step/ros2_DUAV/install/duav/lib/python3.10/site-packages/duav/determine_plane_state.py to determine_plane_state.cpython-310.pyc
[0.917s] byte-compiling /home/step/ros2_DUAV/install/duav/lib/python3.10/site-packages/duav/__init__.py to __init__.cpython-310.pyc
[0.917s] byte-compiling /home/step/ros2_DUAV/install/duav/lib/python3.10/site-packages/duav/pub_MAV.py to pub_MAV.cpython-310.pyc
[0.918s] byte-compiling /home/step/ros2_DUAV/install/duav/lib/python3.10/site-packages/duav/select_mission_type.py to select_mission_type.cpython-310.pyc
[0.918s] byte-compiling /home/step/ros2_DUAV/install/duav/lib/python3.10/site-packages/duav/create_costmap.py to create_costmap.cpython-310.pyc
[0.918s] byte-compiling /home/step/ros2_DUAV/install/duav/lib/python3.10/site-packages/duav/analyse_CAM.py to analyse_CAM.cpython-310.pyc
[0.919s] byte-compiling /home/step/ros2_DUAV/install/duav/lib/python3.10/site-packages/duav/write_MAV.py to write_MAV.cpython-310.pyc
[0.919s] running install_data
[0.919s] creating /home/step/ros2_DUAV/install/duav/share/ament_index
[0.919s] creating /home/step/ros2_DUAV/install/duav/share/ament_index/resource_index
[0.920s] creating /home/step/ros2_DUAV/install/duav/share/ament_index/resource_index/packages
[0.920s] copying resource/duav -> /home/step/ros2_DUAV/install/duav/share/ament_index/resource_index/packages
[0.920s] copying package.xml -> /home/step/ros2_DUAV/install/duav/share/duav
[0.920s] copying launch/launch_all.launch.py -> /home/step/ros2_DUAV/install/duav/share/duav
[0.920s] running install_egg_info
[0.922s] Copying ../../build/duav/duav.egg-info to /home/step/ros2_DUAV/install/duav/lib/python3.10/site-packages/duav-0.0.0-py3.10.egg-info
[0.923s] running install_scripts
[0.945s] Installing analyse_CAM script to /home/step/ros2_DUAV/install/duav/lib/duav
[0.945s] Installing create_costmap script to /home/step/ros2_DUAV/install/duav/lib/duav
[0.945s] Installing create_path script to /home/step/ros2_DUAV/install/duav/lib/duav
[0.945s] Installing determine_plane_state script to /home/step/ros2_DUAV/install/duav/lib/duav
[0.945s] Installing pub_MAV script to /home/step/ros2_DUAV/install/duav/lib/duav
[0.945s] Installing select_mission_type script to /home/step/ros2_DUAV/install/duav/lib/duav
[0.945s] Installing write_MAV script to /home/step/ros2_DUAV/install/duav/lib/duav
[0.946s] writing list of installed files to '/home/step/ros2_DUAV/build/duav/install.log'
[0.971s] Invoked command in '/home/step/ros2_DUAV/src/duav' returned '0': PYTHONPATH=/home/step/ros2_DUAV/build/duav/prefix_override:/usr/lib/python3/dist-packages/colcon_core/task/python/colcon_distutils_commands:/home/step/ros2_DUAV/install/duav/lib/python3.10/site-packages:${PYTHONPATH} /usr/bin/python3 -W ignore:setup.py install is deprecated -W ignore:easy_install command is deprecated setup.py egg_info --egg-base ../../build/duav build --build-base /home/step/ros2_DUAV/build/duav/build install --record /home/step/ros2_DUAV/build/duav/install.log --single-version-externally-managed install_data
