[0.283s] Invoking command in '/home/step/ros2_DUAV/build/spacenav': CMAKE_PREFIX_PATH=/opt/ros/humble /usr/bin/cmake /home/step/ros2_DUAV/src/joystick_drivers/spacenav -DCMAKE_INSTALL_PREFIX=/home/step/ros2_DUAV/install/spacenav
[0.364s] -- The C compiler identification is GNU 11.4.0
[0.451s] -- The CXX compiler identification is GNU 11.4.0
[0.463s] -- Detecting C compiler ABI info
[0.538s] -- Detecting C compiler ABI info - done
[0.548s] -- Check for working C compiler: /usr/lib/ccache/cc - skipped
[0.548s] -- Detecting C compile features
[0.549s] -- Detecting C compile features - done
[0.554s] -- Detecting CXX compiler ABI info
[0.645s] -- Detecting CXX compiler ABI info - done
[0.654s] -- Check for working CXX compiler: /usr/lib/ccache/c++ - skipped
[0.655s] -- Detecting CXX compile features
[0.655s] -- Detecting CXX compile features - done
[0.658s] -- Found ament_cmake: 1.3.11 (/opt/ros/humble/share/ament_cmake/cmake)
[1.208s] -- Found Python3: /usr/bin/python3 (found version "3.10.12") found components: Interpreter 
[1.380s] -- Found geometry_msgs: 4.2.4 (/opt/ros/humble/share/geometry_msgs/cmake)
[1.446s] -- Found rosidl_generator_c: 3.1.6 (/opt/ros/humble/share/rosidl_generator_c/cmake)
[1.453s] -- Found rosidl_adapter: 3.1.6 (/opt/ros/humble/share/rosidl_adapter/cmake)
[1.467s] -- Found rosidl_generator_cpp: 3.1.6 (/opt/ros/humble/share/rosidl_generator_cpp/cmake)
[1.484s] -- Using all available rosidl_typesupport_c: rosidl_typesupport_fastrtps_c;rosidl_typesupport_introspection_c
[1.508s] -- Using all available rosidl_typesupport_cpp: rosidl_typesupport_fastrtps_cpp;rosidl_typesupport_introspection_cpp
[1.572s] -- Found rclcpp: 16.0.11 (/opt/ros/humble/share/rclcpp/cmake)
[1.640s] -- Found rmw_implementation_cmake: 6.1.2 (/opt/ros/humble/share/rmw_implementation_cmake/cmake)
[1.645s] -- Found rmw_fastrtps_cpp: 6.2.7 (/opt/ros/humble/share/rmw_fastrtps_cpp/cmake)
[1.782s] -- Found OpenSSL: /usr/lib/x86_64-linux-gnu/libcrypto.so (found version "3.0.2")  
[1.834s] -- Found FastRTPS: /opt/ros/humble/include  
[1.904s] -- Using RMW implementation 'rmw_fastrtps_cpp' as default
[1.916s] -- Looking for pthread.h
[2.034s] -- Looking for pthread.h - found
[2.034s] -- Performing Test CMAKE_HAVE_LIBC_PTHREAD
[2.154s] -- Performing Test CMAKE_HAVE_LIBC_PTHREAD - Success
[2.156s] -- Found Threads: TRUE  
[2.212s] -- Found rclcpp_components: 16.0.11 (/opt/ros/humble/share/rclcpp_components/cmake)
[2.255s] -- Found sensor_msgs: 4.2.4 (/opt/ros/humble/share/sensor_msgs/cmake)
[2.283s] [31mCMake Error at /usr/share/cmake-3.22/Modules/FindPackageHandleStandardArgs.cmake:230 (message):
[2.283s]   Could NOT find SPNAV (missing: spnav_LIBRARY spnav_INCLUDE_DIR)
[2.283s] Call Stack (most recent call first):
[2.283s]   /usr/share/cmake-3.22/Modules/FindPackageHandleStandardArgs.cmake:594 (_FPHSA_FAILURE_MESSAGE)
[2.283s]   cmake/FindSPNAV.cmake:20 (find_package_handle_standard_args)
[2.283s]   CMakeLists.txt:20 (find_package)
[2.284s] 
[2.284s] [0m
[2.284s] -- Configuring incomplete, errors occurred!
[2.284s] See also "/home/step/ros2_DUAV/build/spacenav/CMakeFiles/CMakeOutput.log".
[2.299s] Invoked command in '/home/step/ros2_DUAV/build/spacenav' returned '1': CMAKE_PREFIX_PATH=/opt/ros/humble /usr/bin/cmake /home/step/ros2_DUAV/src/joystick_drivers/spacenav -DCMAKE_INSTALL_PREFIX=/home/step/ros2_DUAV/install/spacenav
