[0.818s] Invoking command in '/home/step/ros2_DUAV/src/DUAV': PYTHONPATH=/home/step/ros2_DUAV/build/DUAV/prefix_override:/usr/lib/python3/dist-packages/colcon_core/task/python/colcon_distutils_commands:/home/step/ros2_DUAV/install/DUAV/lib/python3.10/site-packages:${PYTHONPATH} /usr/bin/python3 -W ignore:setup.py install is deprecated -W ignore:easy_install command is deprecated setup.py egg_info --egg-base ../../build/DUAV build --build-base /home/step/ros2_DUAV/build/DUAV/build install --record /home/step/ros2_DUAV/build/DUAV/install.log --single-version-externally-managed install_data
[1.120s] running egg_info
[1.121s] writing ../../build/DUAV/DUAV.egg-info/PKG-INFO
[1.121s] writing dependency_links to ../../build/DUAV/DUAV.egg-info/dependency_links.txt
[1.121s] writing entry points to ../../build/DUAV/DUAV.egg-info/entry_points.txt
[1.122s] writing requirements to ../../build/DUAV/DUAV.egg-info/requires.txt
[1.122s] writing top-level names to ../../build/DUAV/DUAV.egg-info/top_level.txt
[1.123s] reading manifest file '../../build/DUAV/DUAV.egg-info/SOURCES.txt'
[1.124s] writing manifest file '../../build/DUAV/DUAV.egg-info/SOURCES.txt'
[1.124s] running build
[1.124s] running build_py
[1.125s] copying DUAV/analyse_CAM.py -> /home/step/ros2_DUAV/build/DUAV/build/lib/DUAV
[1.125s] running install
[1.126s] running install_lib
[1.126s] copying /home/step/ros2_DUAV/build/DUAV/build/lib/DUAV/analyse_CAM.py -> /home/step/ros2_DUAV/install/DUAV/lib/python3.10/site-packages/DUAV
[1.127s] byte-compiling /home/step/ros2_DUAV/install/DUAV/lib/python3.10/site-packages/DUAV/analyse_CAM.py to analyse_CAM.cpython-310.pyc
[1.128s] running install_data
[1.128s] running install_egg_info
[1.130s] removing '/home/step/ros2_DUAV/install/DUAV/lib/python3.10/site-packages/DUAV-0.0.0-py3.10.egg-info' (and everything under it)
[1.130s] Copying ../../build/DUAV/DUAV.egg-info to /home/step/ros2_DUAV/install/DUAV/lib/python3.10/site-packages/DUAV-0.0.0-py3.10.egg-info
[1.131s] running install_scripts
[1.152s] Installing analyse_CAM script to /home/step/ros2_DUAV/install/DUAV/lib/DUAV
[1.153s] Installing create_path script to /home/step/ros2_DUAV/install/DUAV/lib/DUAV
[1.153s] Installing detect_plane_state script to /home/step/ros2_DUAV/install/DUAV/lib/DUAV
[1.154s] Installing pub_MAV script to /home/step/ros2_DUAV/install/DUAV/lib/DUAV
[1.154s] Installing select_mission_type script to /home/step/ros2_DUAV/install/DUAV/lib/DUAV
[1.154s] Installing write_MAV script to /home/step/ros2_DUAV/install/DUAV/lib/DUAV
[1.155s] writing list of installed files to '/home/step/ros2_DUAV/build/DUAV/install.log'
[1.184s] Invoked command in '/home/step/ros2_DUAV/src/DUAV' returned '0': PYTHONPATH=/home/step/ros2_DUAV/build/DUAV/prefix_override:/usr/lib/python3/dist-packages/colcon_core/task/python/colcon_distutils_commands:/home/step/ros2_DUAV/install/DUAV/lib/python3.10/site-packages:${PYTHONPATH} /usr/bin/python3 -W ignore:setup.py install is deprecated -W ignore:easy_install command is deprecated setup.py egg_info --egg-base ../../build/DUAV build --build-base /home/step/ros2_DUAV/build/DUAV/build install --record /home/step/ros2_DUAV/build/DUAV/install.log --single-version-externally-managed install_data
