[0.024s] Invoking command in '/home/step/ros2_DUAV/build/wiimote_msgs': CMAKE_PREFIX_PATH=/opt/ros/humble /usr/bin/cmake /home/step/ros2_DUAV/src/joystick_drivers/wiimote_msgs -DCMAKE_INSTALL_PREFIX=/home/step/ros2_DUAV/install/wiimote_msgs
[0.291s] -- The C compiler identification is GNU 11.4.0
[0.291s] -- The CXX compiler identification is GNU 11.4.0
[0.291s] -- Detecting C compiler ABI info
[0.391s] -- Detecting C compiler ABI info - done
[0.401s] -- Check for working C compiler: /usr/lib/ccache/cc - skipped
[0.402s] -- Detecting C compile features
[0.403s] -- Detecting C compile features - done
[0.407s] -- Detecting CXX compiler ABI info
[0.530s] -- Detecting CXX compiler ABI info - done
[0.542s] -- Check for working CXX compiler: /usr/lib/ccache/c++ - skipped
[0.543s] -- Detecting CXX compile features
[0.544s] -- Detecting CXX compile features - done
[0.552s] -- Found ament_cmake: 1.3.11 (/opt/ros/humble/share/ament_cmake/cmake)
[1.186s] -- Found Python3: /usr/bin/python3 (found version "3.10.12") found components: Interpreter 
[1.309s] -- Found ament_cmake_auto: 1.3.11 (/opt/ros/humble/share/ament_cmake_auto/cmake)
[1.468s] -- Found rosidl_generator_c: 3.1.6 (/opt/ros/humble/share/rosidl_generator_c/cmake)
[1.474s] -- Found rosidl_adapter: 3.1.6 (/opt/ros/humble/share/rosidl_adapter/cmake)
[1.484s] -- Found rosidl_generator_cpp: 3.1.6 (/opt/ros/humble/share/rosidl_generator_cpp/cmake)
[1.499s] -- Using all available rosidl_typesupport_c: rosidl_typesupport_fastrtps_c;rosidl_typesupport_introspection_c
[1.520s] -- Using all available rosidl_typesupport_cpp: rosidl_typesupport_fastrtps_cpp;rosidl_typesupport_introspection_cpp
[1.613s] -- Found ament_lint_auto: 0.12.11 (/opt/ros/humble/share/ament_lint_auto/cmake)
[2.021s] -- Found ament_cmake_ros: 0.10.0 (/opt/ros/humble/share/ament_cmake_ros/cmake)
[2.615s] -- Using all available rosidl_typesupport_c: rosidl_typesupport_fastrtps_c;rosidl_typesupport_introspection_c
[2.800s] -- Using all available rosidl_typesupport_cpp: rosidl_typesupport_fastrtps_cpp;rosidl_typesupport_introspection_cpp
[2.826s] -- Found PythonInterp: /usr/bin/python3 (found suitable version "3.10.12", minimum required is "3.6") 
[2.828s] -- Found python_cmake_module: 0.10.0 (/opt/ros/humble/share/python_cmake_module/cmake)
[2.859s] -- Found PythonLibs: /usr/lib/x86_64-linux-gnu/libpython3.10.so (found suitable version "3.10.12", minimum required is "3.5") 
[2.860s] -- Using PYTHON_EXECUTABLE: /usr/bin/python3
[2.860s] -- Using PYTHON_INCLUDE_DIRS: /usr/include/python3.10
[2.860s] -- Using PYTHON_LIBRARIES: /usr/lib/x86_64-linux-gnu/libpython3.10.so
[2.884s] -- Found PythonExtra: .so  
[2.958s] -- Added test 'copyright' to check source files copyright and LICENSE
[2.960s] -- Added test 'lint_cmake' to check CMake code style
[2.962s] -- Added test 'xmllint' to check XML markup files
[2.968s] -- Configuring done
[3.011s] -- Generating done
[3.026s] -- Build files have been written to: /home/step/ros2_DUAV/build/wiimote_msgs
