running egg_info
creating ../../build/ps4_controllers/ps4_controllers.egg-info
writing ../../build/ps4_controllers/ps4_controllers.egg-info/PKG-INFO
writing dependency_links to ../../build/ps4_controllers/ps4_controllers.egg-info/dependency_links.txt
writing requirements to ../../build/ps4_controllers/ps4_controllers.egg-info/requires.txt
writing top-level names to ../../build/ps4_controllers/ps4_controllers.egg-info/top_level.txt
writing manifest file '../../build/ps4_controllers/ps4_controllers.egg-info/SOURCES.txt'
reading manifest file '../../build/ps4_controllers/ps4_controllers.egg-info/SOURCES.txt'
writing manifest file '../../build/ps4_controllers/ps4_controllers.egg-info/SOURCES.txt'
running build
running build_py
creating /home/step/ros2_DUAV/build/ps4_controllers/build/lib/ps4_controllers
copying ps4_controllers/ps4_controller_1.py -> /home/step/ros2_DUAV/build/ps4_controllers/build/lib/ps4_controllers
copying ps4_controllers/__init__.py -> /home/step/ros2_DUAV/build/ps4_controllers/build/lib/ps4_controllers
running install
running install_lib
creating /home/step/ros2_DUAV/install/ps4_controllers/lib/python3.10/site-packages/ps4_controllers
copying /home/step/ros2_DUAV/build/ps4_controllers/build/lib/ps4_controllers/ps4_controller_1.py -> /home/step/ros2_DUAV/install/ps4_controllers/lib/python3.10/site-packages/ps4_controllers
copying /home/step/ros2_DUAV/build/ps4_controllers/build/lib/ps4_controllers/__init__.py -> /home/step/ros2_DUAV/install/ps4_controllers/lib/python3.10/site-packages/ps4_controllers
byte-compiling /home/step/ros2_DUAV/install/ps4_controllers/lib/python3.10/site-packages/ps4_controllers/ps4_controller_1.py to ps4_controller_1.cpython-310.pyc
byte-compiling /home/step/ros2_DUAV/install/ps4_controllers/lib/python3.10/site-packages/ps4_controllers/__init__.py to __init__.cpython-310.pyc
running install_data
creating /home/step/ros2_DUAV/install/ps4_controllers/share/ament_index/resource_index/packages
copying resource/ps4_controllers -> /home/step/ros2_DUAV/install/ps4_controllers/share/ament_index/resource_index/packages
copying package.xml -> /home/step/ros2_DUAV/install/ps4_controllers/share/ps4_controllers
running install_egg_info
Copying ../../build/ps4_controllers/ps4_controllers.egg-info to /home/step/ros2_DUAV/install/ps4_controllers/lib/python3.10/site-packages/ps4_controllers-0.0.0-py3.10.egg-info
running install_scripts
writing list of installed files to '/home/step/ros2_DUAV/build/ps4_controllers/install.log'
