[1.177s] Invoking command in '/home/step/ros2_DUAV/src/ps4_controllers': PYTHONPATH=/home/step/ros2_DUAV/build/ps4_controllers/prefix_override:/usr/lib/python3/dist-packages/colcon_core/task/python/colcon_distutils_commands:/home/step/ros2_DUAV/install/ps4_controllers/lib/python3.10/site-packages:${PYTHONPATH} /usr/bin/python3 -W ignore:setup.py install is deprecated -W ignore:easy_install command is deprecated setup.py egg_info --egg-base ../../build/ps4_controllers build --build-base /home/step/ros2_DUAV/build/ps4_controllers/build install --record /home/step/ros2_DUAV/build/ps4_controllers/install.log --single-version-externally-managed install_data
[1.365s] /home/step/.local/lib/python3.10/site-packages/setuptools/_distutils/dist.py:261: UserWarning: Unknown distribution option: 'tests_require'
[1.365s]   warnings.warn(msg)
[1.484s] running egg_info
[1.503s] creating ../../build/ps4_controllers/ps4_controllers.egg-info
[1.503s] writing ../../build/ps4_controllers/ps4_controllers.egg-info/PKG-INFO
[1.504s] writing dependency_links to ../../build/ps4_controllers/ps4_controllers.egg-info/dependency_links.txt
[1.504s] writing requirements to ../../build/ps4_controllers/ps4_controllers.egg-info/requires.txt
[1.504s] writing top-level names to ../../build/ps4_controllers/ps4_controllers.egg-info/top_level.txt
[1.504s] writing manifest file '../../build/ps4_controllers/ps4_controllers.egg-info/SOURCES.txt'
[1.548s] reading manifest file '../../build/ps4_controllers/ps4_controllers.egg-info/SOURCES.txt'
[1.549s] writing manifest file '../../build/ps4_controllers/ps4_controllers.egg-info/SOURCES.txt'
[1.549s] running build
[1.549s] running build_py
[1.550s] creating /home/step/ros2_DUAV/build/ps4_controllers/build/lib/ps4_controllers
[1.550s] copying ps4_controllers/ps4_controller_1.py -> /home/step/ros2_DUAV/build/ps4_controllers/build/lib/ps4_controllers
[1.550s] copying ps4_controllers/__init__.py -> /home/step/ros2_DUAV/build/ps4_controllers/build/lib/ps4_controllers
[1.551s] running install
[1.556s] running install_lib
[1.576s] creating /home/step/ros2_DUAV/install/ps4_controllers/lib/python3.10/site-packages/ps4_controllers
[1.577s] copying /home/step/ros2_DUAV/build/ps4_controllers/build/lib/ps4_controllers/ps4_controller_1.py -> /home/step/ros2_DUAV/install/ps4_controllers/lib/python3.10/site-packages/ps4_controllers
[1.577s] copying /home/step/ros2_DUAV/build/ps4_controllers/build/lib/ps4_controllers/__init__.py -> /home/step/ros2_DUAV/install/ps4_controllers/lib/python3.10/site-packages/ps4_controllers
[1.577s] byte-compiling /home/step/ros2_DUAV/install/ps4_controllers/lib/python3.10/site-packages/ps4_controllers/ps4_controller_1.py to ps4_controller_1.cpython-310.pyc
[1.578s] byte-compiling /home/step/ros2_DUAV/install/ps4_controllers/lib/python3.10/site-packages/ps4_controllers/__init__.py to __init__.cpython-310.pyc
[1.578s] running install_data
[1.578s] creating /home/step/ros2_DUAV/install/ps4_controllers/share/ament_index/resource_index/packages
[1.579s] copying resource/ps4_controllers -> /home/step/ros2_DUAV/install/ps4_controllers/share/ament_index/resource_index/packages
[1.579s] copying package.xml -> /home/step/ros2_DUAV/install/ps4_controllers/share/ps4_controllers
[1.579s] running install_egg_info
[1.600s] Copying ../../build/ps4_controllers/ps4_controllers.egg-info to /home/step/ros2_DUAV/install/ps4_controllers/lib/python3.10/site-packages/ps4_controllers-0.0.0-py3.10.egg-info
[1.601s] running install_scripts
[1.762s] writing list of installed files to '/home/step/ros2_DUAV/build/ps4_controllers/install.log'
[1.817s] Invoked command in '/home/step/ros2_DUAV/src/ps4_controllers' returned '0': PYTHONPATH=/home/step/ros2_DUAV/build/ps4_controllers/prefix_override:/usr/lib/python3/dist-packages/colcon_core/task/python/colcon_distutils_commands:/home/step/ros2_DUAV/install/ps4_controllers/lib/python3.10/site-packages:${PYTHONPATH} /usr/bin/python3 -W ignore:setup.py install is deprecated -W ignore:easy_install command is deprecated setup.py egg_info --egg-base ../../build/ps4_controllers build --build-base /home/step/ros2_DUAV/build/ps4_controllers/build install --record /home/step/ros2_DUAV/build/ps4_controllers/install.log --single-version-externally-managed install_data
