[0.805s] Invoking command in '/home/step/ros2_DUAV/src/DUAV': PYTHONPATH=/home/step/ros2_DUAV/build/DUAV/prefix_override:/usr/lib/python3/dist-packages/colcon_core/task/python/colcon_distutils_commands:/home/step/ros2_DUAV/install/DUAV/lib/python3.10/site-packages:${PYTHONPATH} /usr/bin/python3 -W ignore:setup.py install is deprecated -W ignore:easy_install command is deprecated setup.py egg_info --egg-base ../../build/DUAV build --build-base /home/step/ros2_DUAV/build/DUAV/build install --record /home/step/ros2_DUAV/build/DUAV/install.log --single-version-externally-managed install_data
[1.087s] running egg_info
[1.087s] writing ../../build/DUAV/DUAV.egg-info/PKG-INFO
[1.088s] writing dependency_links to ../../build/DUAV/DUAV.egg-info/dependency_links.txt
[1.088s] writing entry points to ../../build/DUAV/DUAV.egg-info/entry_points.txt
[1.088s] writing requirements to ../../build/DUAV/DUAV.egg-info/requires.txt
[1.088s] writing top-level names to ../../build/DUAV/DUAV.egg-info/top_level.txt
[1.090s] reading manifest file '../../build/DUAV/DUAV.egg-info/SOURCES.txt'
[1.090s] writing manifest file '../../build/DUAV/DUAV.egg-info/SOURCES.txt'
[1.091s] running build
[1.091s] running build_py
[1.091s] copying DUAV/create_costmap.py -> /home/step/ros2_DUAV/build/DUAV/build/lib/DUAV
[1.091s] running install
[1.092s] running install_lib
[1.092s] copying /home/step/ros2_DUAV/build/DUAV/build/lib/DUAV/create_costmap.py -> /home/step/ros2_DUAV/install/DUAV/lib/python3.10/site-packages/DUAV
[1.093s] byte-compiling /home/step/ros2_DUAV/install/DUAV/lib/python3.10/site-packages/DUAV/create_costmap.py to create_costmap.cpython-310.pyc
[1.094s] running install_data
[1.094s] running install_egg_info
[1.096s] removing '/home/step/ros2_DUAV/install/DUAV/lib/python3.10/site-packages/DUAV-0.0.0-py3.10.egg-info' (and everything under it)
[1.096s] Copying ../../build/DUAV/DUAV.egg-info to /home/step/ros2_DUAV/install/DUAV/lib/python3.10/site-packages/DUAV-0.0.0-py3.10.egg-info
[1.098s] running install_scripts
[1.117s] Installing analyse_CAM script to /home/step/ros2_DUAV/install/DUAV/lib/DUAV
[1.117s] Installing create_costmap script to /home/step/ros2_DUAV/install/DUAV/lib/DUAV
[1.117s] Installing create_path script to /home/step/ros2_DUAV/install/DUAV/lib/DUAV
[1.117s] Installing determine_plane_state script to /home/step/ros2_DUAV/install/DUAV/lib/DUAV
[1.117s] Installing pub_MAV script to /home/step/ros2_DUAV/install/DUAV/lib/DUAV
[1.117s] Installing select_mission_type script to /home/step/ros2_DUAV/install/DUAV/lib/DUAV
[1.118s] Installing write_MAV script to /home/step/ros2_DUAV/install/DUAV/lib/DUAV
[1.118s] writing list of installed files to '/home/step/ros2_DUAV/build/DUAV/install.log'
[1.140s] Invoked command in '/home/step/ros2_DUAV/src/DUAV' returned '0': PYTHONPATH=/home/step/ros2_DUAV/build/DUAV/prefix_override:/usr/lib/python3/dist-packages/colcon_core/task/python/colcon_distutils_commands:/home/step/ros2_DUAV/install/DUAV/lib/python3.10/site-packages:${PYTHONPATH} /usr/bin/python3 -W ignore:setup.py install is deprecated -W ignore:easy_install command is deprecated setup.py egg_info --egg-base ../../build/DUAV build --build-base /home/step/ros2_DUAV/build/DUAV/build install --record /home/step/ros2_DUAV/build/DUAV/install.log --single-version-externally-managed install_data
