[0.772s] Invoking command in '/home/step/ros2_DUAV/src/DUAV': PYTHONPATH=/home/step/ros2_DUAV/build/DUAV/prefix_override:/usr/lib/python3/dist-packages/colcon_core/task/python/colcon_distutils_commands:/home/step/ros2_DUAV/install/DUAV/lib/python3.10/site-packages:${PYTHONPATH} /usr/bin/python3 -W ignore:setup.py install is deprecated -W ignore:easy_install command is deprecated setup.py egg_info --egg-base ../../build/DUAV build --build-base /home/step/ros2_DUAV/build/DUAV/build install --record /home/step/ros2_DUAV/build/DUAV/install.log --single-version-externally-managed install_data
[1.005s] running egg_info
[1.005s] writing ../../build/DUAV/DUAV.egg-info/PKG-INFO
[1.006s] writing dependency_links to ../../build/DUAV/DUAV.egg-info/dependency_links.txt
[1.006s] writing entry points to ../../build/DUAV/DUAV.egg-info/entry_points.txt
[1.006s] writing requirements to ../../build/DUAV/DUAV.egg-info/requires.txt
[1.006s] writing top-level names to ../../build/DUAV/DUAV.egg-info/top_level.txt
[1.008s] reading manifest file '../../build/DUAV/DUAV.egg-info/SOURCES.txt'
[1.009s] writing manifest file '../../build/DUAV/DUAV.egg-info/SOURCES.txt'
[1.009s] running build
[1.009s] running build_py
[1.009s] running install
[1.009s] running install_lib
[1.011s] running install_data
[1.011s] running install_egg_info
[1.012s] removing '/home/step/ros2_DUAV/install/DUAV/lib/python3.10/site-packages/DUAV-0.0.0-py3.10.egg-info' (and everything under it)
[1.013s] Copying ../../build/DUAV/DUAV.egg-info to /home/step/ros2_DUAV/install/DUAV/lib/python3.10/site-packages/DUAV-0.0.0-py3.10.egg-info
[1.014s] running install_scripts
[1.033s] Installing analyse_CAM script to /home/step/ros2_DUAV/install/DUAV/lib/DUAV
[1.033s] Installing create_path script to /home/step/ros2_DUAV/install/DUAV/lib/DUAV
[1.034s] Installing determine_plane_state script to /home/step/ros2_DUAV/install/DUAV/lib/DUAV
[1.034s] Installing pub_MAV script to /home/step/ros2_DUAV/install/DUAV/lib/DUAV
[1.034s] Installing select_mission_type script to /home/step/ros2_DUAV/install/DUAV/lib/DUAV
[1.034s] Installing write_MAV script to /home/step/ros2_DUAV/install/DUAV/lib/DUAV
[1.034s] writing list of installed files to '/home/step/ros2_DUAV/build/DUAV/install.log'
[1.064s] Invoked command in '/home/step/ros2_DUAV/src/DUAV' returned '0': PYTHONPATH=/home/step/ros2_DUAV/build/DUAV/prefix_override:/usr/lib/python3/dist-packages/colcon_core/task/python/colcon_distutils_commands:/home/step/ros2_DUAV/install/DUAV/lib/python3.10/site-packages:${PYTHONPATH} /usr/bin/python3 -W ignore:setup.py install is deprecated -W ignore:easy_install command is deprecated setup.py egg_info --egg-base ../../build/DUAV build --build-base /home/step/ros2_DUAV/build/DUAV/build install --record /home/step/ros2_DUAV/build/DUAV/install.log --single-version-externally-managed install_data
