[0.748s] Invoking command in '/home/step/ros2_DUAV/src/DUAV': PYTHONPATH=/home/step/ros2_DUAV/build/DUAV/prefix_override:/usr/lib/python3/dist-packages/colcon_core/task/python/colcon_distutils_commands:/home/step/ros2_DUAV/install/DUAV/lib/python3.10/site-packages:${PYTHONPATH} /usr/bin/python3 -W ignore:setup.py install is deprecated -W ignore:easy_install command is deprecated setup.py egg_info --egg-base ../../build/DUAV build --build-base /home/step/ros2_DUAV/build/DUAV/build install --record /home/step/ros2_DUAV/build/DUAV/install.log --single-version-externally-managed install_data
[0.964s] running egg_info
[0.965s] writing ../../build/DUAV/DUAV.egg-info/PKG-INFO
[0.965s] writing dependency_links to ../../build/DUAV/DUAV.egg-info/dependency_links.txt
[0.965s] writing entry points to ../../build/DUAV/DUAV.egg-info/entry_points.txt
[0.965s] writing requirements to ../../build/DUAV/DUAV.egg-info/requires.txt
[0.965s] writing top-level names to ../../build/DUAV/DUAV.egg-info/top_level.txt
[0.968s] reading manifest file '../../build/DUAV/DUAV.egg-info/SOURCES.txt'
[0.969s] writing manifest file '../../build/DUAV/DUAV.egg-info/SOURCES.txt'
[0.969s] running build
[0.969s] running build_py
[0.970s] copying DUAV/select_mission_type.py -> /home/step/ros2_DUAV/build/DUAV/build/lib/DUAV
[0.970s] copying DUAV/pub_MAV.py -> /home/step/ros2_DUAV/build/DUAV/build/lib/DUAV
[0.971s] copying DUAV/create_path.py -> /home/step/ros2_DUAV/build/DUAV/build/lib/DUAV
[0.971s] running install
[0.971s] running install_lib
[0.973s] copying /home/step/ros2_DUAV/build/DUAV/build/lib/DUAV/select_mission_type.py -> /home/step/ros2_DUAV/install/DUAV/lib/python3.10/site-packages/DUAV
[0.973s] copying /home/step/ros2_DUAV/build/DUAV/build/lib/DUAV/pub_MAV.py -> /home/step/ros2_DUAV/install/DUAV/lib/python3.10/site-packages/DUAV
[0.973s] copying /home/step/ros2_DUAV/build/DUAV/build/lib/DUAV/create_path.py -> /home/step/ros2_DUAV/install/DUAV/lib/python3.10/site-packages/DUAV
[0.974s] byte-compiling /home/step/ros2_DUAV/install/DUAV/lib/python3.10/site-packages/DUAV/select_mission_type.py to select_mission_type.cpython-310.pyc
[0.975s] byte-compiling /home/step/ros2_DUAV/install/DUAV/lib/python3.10/site-packages/DUAV/pub_MAV.py to pub_MAV.cpython-310.pyc
[0.975s] byte-compiling /home/step/ros2_DUAV/install/DUAV/lib/python3.10/site-packages/DUAV/create_path.py to create_path.cpython-310.pyc
[0.976s] running install_data
[0.976s] running install_egg_info
[0.978s] removing '/home/step/ros2_DUAV/install/DUAV/lib/python3.10/site-packages/DUAV-0.0.0-py3.10.egg-info' (and everything under it)
[0.978s] Copying ../../build/DUAV/DUAV.egg-info to /home/step/ros2_DUAV/install/DUAV/lib/python3.10/site-packages/DUAV-0.0.0-py3.10.egg-info
[0.980s] running install_scripts
[1.000s] Installing create_path script to /home/step/ros2_DUAV/install/DUAV/lib/DUAV
[1.001s] Installing pub_MAV script to /home/step/ros2_DUAV/install/DUAV/lib/DUAV
[1.001s] writing list of installed files to '/home/step/ros2_DUAV/build/DUAV/install.log'
[1.023s] Invoked command in '/home/step/ros2_DUAV/src/DUAV' returned '0': PYTHONPATH=/home/step/ros2_DUAV/build/DUAV/prefix_override:/usr/lib/python3/dist-packages/colcon_core/task/python/colcon_distutils_commands:/home/step/ros2_DUAV/install/DUAV/lib/python3.10/site-packages:${PYTHONPATH} /usr/bin/python3 -W ignore:setup.py install is deprecated -W ignore:easy_install command is deprecated setup.py egg_info --egg-base ../../build/DUAV build --build-base /home/step/ros2_DUAV/build/DUAV/build install --record /home/step/ros2_DUAV/build/DUAV/install.log --single-version-externally-managed install_data
