[0.595s] Invoking command in '/home/step/ros2_DUAV/src/DUAV': PYTHONPATH=/home/step/ros2_DUAV/build/DUAV/prefix_override:/usr/lib/python3/dist-packages/colcon_core/task/python/colcon_distutils_commands:/home/step/ros2_DUAV/install/DUAV/lib/python3.10/site-packages:${PYTHONPATH} /usr/bin/python3 -W ignore:setup.py install is deprecated -W ignore:easy_install command is deprecated setup.py egg_info --egg-base ../../build/DUAV build --build-base /home/step/ros2_DUAV/build/DUAV/build install --record /home/step/ros2_DUAV/build/DUAV/install.log --single-version-externally-managed install_data
[0.822s] running egg_info
[0.822s] creating ../../build/DUAV/DUAV.egg-info
[0.822s] writing ../../build/DUAV/DUAV.egg-info/PKG-INFO
[0.823s] writing dependency_links to ../../build/DUAV/DUAV.egg-info/dependency_links.txt
[0.823s] writing entry points to ../../build/DUAV/DUAV.egg-info/entry_points.txt
[0.823s] writing requirements to ../../build/DUAV/DUAV.egg-info/requires.txt
[0.823s] writing top-level names to ../../build/DUAV/DUAV.egg-info/top_level.txt
[0.823s] writing manifest file '../../build/DUAV/DUAV.egg-info/SOURCES.txt'
[0.825s] reading manifest file '../../build/DUAV/DUAV.egg-info/SOURCES.txt'
[0.825s] writing manifest file '../../build/DUAV/DUAV.egg-info/SOURCES.txt'
[0.826s] running build
[0.826s] running build_py
[0.826s] creating /home/step/ros2_DUAV/build/DUAV/build
[0.826s] creating /home/step/ros2_DUAV/build/DUAV/build/lib
[0.826s] creating /home/step/ros2_DUAV/build/DUAV/build/lib/DUAV
[0.826s] copying DUAV/__init__.py -> /home/step/ros2_DUAV/build/DUAV/build/lib/DUAV
[0.826s] copying DUAV/pub_MAV.py -> /home/step/ros2_DUAV/build/DUAV/build/lib/DUAV
[0.827s] copying DUAV/create_path.py -> /home/step/ros2_DUAV/build/DUAV/build/lib/DUAV
[0.827s] running install
[0.827s] running install_lib
[0.828s] creating /home/step/ros2_DUAV/install/DUAV/lib/python3.10/site-packages/DUAV
[0.828s] copying /home/step/ros2_DUAV/build/DUAV/build/lib/DUAV/__init__.py -> /home/step/ros2_DUAV/install/DUAV/lib/python3.10/site-packages/DUAV
[0.829s] copying /home/step/ros2_DUAV/build/DUAV/build/lib/DUAV/pub_MAV.py -> /home/step/ros2_DUAV/install/DUAV/lib/python3.10/site-packages/DUAV
[0.829s] copying /home/step/ros2_DUAV/build/DUAV/build/lib/DUAV/create_path.py -> /home/step/ros2_DUAV/install/DUAV/lib/python3.10/site-packages/DUAV
[0.829s] byte-compiling /home/step/ros2_DUAV/install/DUAV/lib/python3.10/site-packages/DUAV/__init__.py to __init__.cpython-310.pyc
[0.830s] byte-compiling /home/step/ros2_DUAV/install/DUAV/lib/python3.10/site-packages/DUAV/pub_MAV.py to pub_MAV.cpython-310.pyc
[0.830s] byte-compiling /home/step/ros2_DUAV/install/DUAV/lib/python3.10/site-packages/DUAV/create_path.py to create_path.cpython-310.pyc
[0.831s] running install_data
[0.831s] creating /home/step/ros2_DUAV/install/DUAV/share/ament_index
[0.831s] creating /home/step/ros2_DUAV/install/DUAV/share/ament_index/resource_index
[0.831s] creating /home/step/ros2_DUAV/install/DUAV/share/ament_index/resource_index/packages
[0.831s] copying resource/DUAV -> /home/step/ros2_DUAV/install/DUAV/share/ament_index/resource_index/packages
[0.831s] copying package.xml -> /home/step/ros2_DUAV/install/DUAV/share/DUAV
[0.831s] running install_egg_info
[0.833s] Copying ../../build/DUAV/DUAV.egg-info to /home/step/ros2_DUAV/install/DUAV/lib/python3.10/site-packages/DUAV-0.0.0-py3.10.egg-info
[0.834s] running install_scripts
[0.854s] Installing create_path script to /home/step/ros2_DUAV/install/DUAV/lib/DUAV
[0.854s] Installing pub_MAV script to /home/step/ros2_DUAV/install/DUAV/lib/DUAV
[0.854s] writing list of installed files to '/home/step/ros2_DUAV/build/DUAV/install.log'
[0.878s] Invoked command in '/home/step/ros2_DUAV/src/DUAV' returned '0': PYTHONPATH=/home/step/ros2_DUAV/build/DUAV/prefix_override:/usr/lib/python3/dist-packages/colcon_core/task/python/colcon_distutils_commands:/home/step/ros2_DUAV/install/DUAV/lib/python3.10/site-packages:${PYTHONPATH} /usr/bin/python3 -W ignore:setup.py install is deprecated -W ignore:easy_install command is deprecated setup.py egg_info --egg-base ../../build/DUAV build --build-base /home/step/ros2_DUAV/build/DUAV/build install --record /home/step/ros2_DUAV/build/DUAV/install.log --single-version-externally-managed install_data
