[0.009s] Invoking command in '/home/step/ros2_DUAV/build/joy': AMENT_PREFIX_PATH=/home/step/ros2_DUAV/install/sdl2_vendor:${AMENT_PREFIX_PATH} CMAKE_PREFIX_PATH=/home/step/ros2_DUAV/install/sdl2_vendor:/opt/ros/humble /usr/bin/cmake /home/step/ros2_DUAV/src/joystick_drivers/joy -DCMAKE_INSTALL_PREFIX=/home/step/ros2_DUAV/install/joy
[0.095s] -- The C compiler identification is GNU 11.4.0
[0.191s] -- The CXX compiler identification is GNU 11.4.0
[0.205s] -- Detecting C compiler ABI info
[0.274s] -- Detecting C compiler ABI info - done
[0.282s] -- Check for working C compiler: /usr/lib/ccache/cc - skipped
[0.282s] -- Detecting C compile features
[0.283s] -- Detecting C compile features - done
[0.287s] -- Detecting CXX compiler ABI info
[0.378s] -- Detecting CXX compiler ABI info - done
[0.396s] -- Check for working CXX compiler: /usr/lib/ccache/c++ - skipped
[0.397s] -- Detecting CXX compile features
[0.398s] -- Detecting CXX compile features - done
[0.402s] -- Found ament_cmake_ros: 0.10.0 (/opt/ros/humble/share/ament_cmake_ros/cmake)
[0.913s] -- Found Python3: /usr/bin/python3 (found version "3.10.12") found components: Interpreter 
[1.021s] -- Found rclcpp: 16.0.11 (/opt/ros/humble/share/rclcpp/cmake)
[1.070s] -- Found rosidl_generator_c: 3.1.6 (/opt/ros/humble/share/rosidl_generator_c/cmake)
[1.076s] -- Found rosidl_adapter: 3.1.6 (/opt/ros/humble/share/rosidl_adapter/cmake)
[1.085s] -- Found rosidl_generator_cpp: 3.1.6 (/opt/ros/humble/share/rosidl_generator_cpp/cmake)
[1.100s] -- Using all available rosidl_typesupport_c: rosidl_typesupport_fastrtps_c;rosidl_typesupport_introspection_c
[1.120s] -- Using all available rosidl_typesupport_cpp: rosidl_typesupport_fastrtps_cpp;rosidl_typesupport_introspection_cpp
[1.174s] -- Found rmw_implementation_cmake: 6.1.2 (/opt/ros/humble/share/rmw_implementation_cmake/cmake)
[1.177s] -- Found rmw_fastrtps_cpp: 6.2.7 (/opt/ros/humble/share/rmw_fastrtps_cpp/cmake)
[1.275s] -- Found OpenSSL: /usr/lib/x86_64-linux-gnu/libcrypto.so (found version "3.0.2")  
[1.308s] -- Found FastRTPS: /opt/ros/humble/include  
[1.357s] -- Using RMW implementation 'rmw_fastrtps_cpp' as default
[1.367s] -- Looking for pthread.h
[1.462s] -- Looking for pthread.h - found
[1.462s] -- Performing Test CMAKE_HAVE_LIBC_PTHREAD
[1.557s] -- Performing Test CMAKE_HAVE_LIBC_PTHREAD - Success
[1.559s] -- Found Threads: TRUE  
[1.622s] -- Found rclcpp_components: 16.0.11 (/opt/ros/humble/share/rclcpp_components/cmake)
[1.656s] -- Found sdl2_vendor: 3.3.0 (/home/step/ros2_DUAV/install/sdl2_vendor/share/sdl2_vendor/cmake)
[1.661s] -- Found sensor_msgs: 4.2.4 (/opt/ros/humble/share/sensor_msgs/cmake)
[1.702s] -- Found ament_lint_auto: 0.12.11 (/opt/ros/humble/share/ament_lint_auto/cmake)
[1.790s] -- Added test 'cppcheck' to perform static code analysis on C / C++ code
[1.790s] -- Configured cppcheck include dirs: $<BUILD_INTERFACE:/home/step/ros2_DUAV/src/joystick_drivers/joy/include>
[1.790s] -- Configured cppcheck exclude dirs and/or files: 
[1.792s] -- Added test 'cpplint' to check C / C++ code against the Google style
[1.792s] -- Configured cpplint exclude dirs and/or files: 
[1.792s] -- Added test 'flake8' to check Python code syntax and style conventions
[1.793s] -- Added test 'lint_cmake' to check CMake code style
[1.793s] -- Added test 'pep257' to check Python code against some of the docstring style conventions in PEP 257
[1.795s] -- Added test 'uncrustify' to check C / C++ code style
[1.795s] -- Configured uncrustify additional arguments: 
[1.796s] -- Added test 'xmllint' to check XML markup files
[1.798s] -- Configuring done
[1.822s] -- Generating done
[1.832s] -- Build files have been written to: /home/step/ros2_DUAV/build/joy
