[0.828s] Invoking command in '/home/step/ros2_DUAV/src/DUAV': PYTHONPATH=/home/step/ros2_DUAV/build/DUAV/prefix_override:/usr/lib/python3/dist-packages/colcon_core/task/python/colcon_distutils_commands:/home/step/ros2_DUAV/install/DUAV/lib/python3.10/site-packages:${PYTHONPATH} /usr/bin/python3 -W ignore:setup.py install is deprecated -W ignore:easy_install command is deprecated setup.py egg_info --egg-base ../../build/DUAV build --build-base /home/step/ros2_DUAV/build/DUAV/build install --record /home/step/ros2_DUAV/build/DUAV/install.log --single-version-externally-managed install_data
[1.121s] running egg_info
[1.121s] writing ../../build/DUAV/DUAV.egg-info/PKG-INFO
[1.122s] writing dependency_links to ../../build/DUAV/DUAV.egg-info/dependency_links.txt
[1.122s] writing entry points to ../../build/DUAV/DUAV.egg-info/entry_points.txt
[1.122s] writing requirements to ../../build/DUAV/DUAV.egg-info/requires.txt
[1.122s] writing top-level names to ../../build/DUAV/DUAV.egg-info/top_level.txt
[1.124s] reading manifest file '../../build/DUAV/DUAV.egg-info/SOURCES.txt'
[1.125s] writing manifest file '../../build/DUAV/DUAV.egg-info/SOURCES.txt'
[1.125s] running build
[1.125s] running build_py
[1.125s] copying DUAV/create_costmap.py -> /home/step/ros2_DUAV/build/DUAV/build/lib/DUAV
[1.126s] copying DUAV/create_path.py -> /home/step/ros2_DUAV/build/DUAV/build/lib/DUAV
[1.126s] running install
[1.126s] running install_lib
[1.127s] copying /home/step/ros2_DUAV/build/DUAV/build/lib/DUAV/create_costmap.py -> /home/step/ros2_DUAV/install/DUAV/lib/python3.10/site-packages/DUAV
[1.127s] copying /home/step/ros2_DUAV/build/DUAV/build/lib/DUAV/create_path.py -> /home/step/ros2_DUAV/install/DUAV/lib/python3.10/site-packages/DUAV
[1.128s] byte-compiling /home/step/ros2_DUAV/install/DUAV/lib/python3.10/site-packages/DUAV/create_costmap.py to create_costmap.cpython-310.pyc
[1.129s] byte-compiling /home/step/ros2_DUAV/install/DUAV/lib/python3.10/site-packages/DUAV/create_path.py to create_path.cpython-310.pyc
[1.129s] running install_data
[1.129s] running install_egg_info
[1.131s] removing '/home/step/ros2_DUAV/install/DUAV/lib/python3.10/site-packages/DUAV-0.0.0-py3.10.egg-info' (and everything under it)
[1.131s] Copying ../../build/DUAV/DUAV.egg-info to /home/step/ros2_DUAV/install/DUAV/lib/python3.10/site-packages/DUAV-0.0.0-py3.10.egg-info
[1.132s] running install_scripts
[1.152s] Installing analyse_CAM script to /home/step/ros2_DUAV/install/DUAV/lib/DUAV
[1.153s] Installing create_costmap script to /home/step/ros2_DUAV/install/DUAV/lib/DUAV
[1.153s] Installing create_path script to /home/step/ros2_DUAV/install/DUAV/lib/DUAV
[1.153s] Installing determine_plane_state script to /home/step/ros2_DUAV/install/DUAV/lib/DUAV
[1.153s] Installing pub_MAV script to /home/step/ros2_DUAV/install/DUAV/lib/DUAV
[1.154s] Installing select_mission_type script to /home/step/ros2_DUAV/install/DUAV/lib/DUAV
[1.154s] Installing write_MAV script to /home/step/ros2_DUAV/install/DUAV/lib/DUAV
[1.154s] writing list of installed files to '/home/step/ros2_DUAV/build/DUAV/install.log'
[1.183s] Invoked command in '/home/step/ros2_DUAV/src/DUAV' returned '0': PYTHONPATH=/home/step/ros2_DUAV/build/DUAV/prefix_override:/usr/lib/python3/dist-packages/colcon_core/task/python/colcon_distutils_commands:/home/step/ros2_DUAV/install/DUAV/lib/python3.10/site-packages:${PYTHONPATH} /usr/bin/python3 -W ignore:setup.py install is deprecated -W ignore:easy_install command is deprecated setup.py egg_info --egg-base ../../build/DUAV build --build-base /home/step/ros2_DUAV/build/DUAV/build install --record /home/step/ros2_DUAV/build/DUAV/install.log --single-version-externally-managed install_data
