[0.731s] Invoking command in '/home/step/ros2_DUAV/src/DUAV': PYTHONPATH=/home/step/ros2_DUAV/build/DUAV/prefix_override:/usr/lib/python3/dist-packages/colcon_core/task/python/colcon_distutils_commands:/home/step/ros2_DUAV/install/DUAV/lib/python3.10/site-packages:${PYTHONPATH} /usr/bin/python3 -W ignore:setup.py install is deprecated -W ignore:easy_install command is deprecated setup.py egg_info --egg-base ../../build/DUAV build --build-base /home/step/ros2_DUAV/build/DUAV/build install --record /home/step/ros2_DUAV/build/DUAV/install.log --single-version-externally-managed install_data
[0.999s] running egg_info
[0.999s] writing ../../build/DUAV/DUAV.egg-info/PKG-INFO
[1.000s] writing dependency_links to ../../build/DUAV/DUAV.egg-info/dependency_links.txt
[1.000s] writing entry points to ../../build/DUAV/DUAV.egg-info/entry_points.txt
[1.000s] writing requirements to ../../build/DUAV/DUAV.egg-info/requires.txt
[1.000s] writing top-level names to ../../build/DUAV/DUAV.egg-info/top_level.txt
[1.002s] reading manifest file '../../build/DUAV/DUAV.egg-info/SOURCES.txt'
[1.003s] writing manifest file '../../build/DUAV/DUAV.egg-info/SOURCES.txt'
[1.003s] running build
[1.003s] running build_py
[1.003s] copying DUAV/write_MAV.py -> /home/step/ros2_DUAV/build/DUAV/build/lib/DUAV
[1.004s] running install
[1.004s] running install_lib
[1.005s] copying /home/step/ros2_DUAV/build/DUAV/build/lib/DUAV/write_MAV.py -> /home/step/ros2_DUAV/install/DUAV/lib/python3.10/site-packages/DUAV
[1.006s] byte-compiling /home/step/ros2_DUAV/install/DUAV/lib/python3.10/site-packages/DUAV/write_MAV.py to write_MAV.cpython-310.pyc
[1.007s] running install_data
[1.007s] running install_egg_info
[1.009s] removing '/home/step/ros2_DUAV/install/DUAV/lib/python3.10/site-packages/DUAV-0.0.0-py3.10.egg-info' (and everything under it)
[1.009s] Copying ../../build/DUAV/DUAV.egg-info to /home/step/ros2_DUAV/install/DUAV/lib/python3.10/site-packages/DUAV-0.0.0-py3.10.egg-info
[1.010s] running install_scripts
[1.031s] Installing analyse_CAM script to /home/step/ros2_DUAV/install/DUAV/lib/DUAV
[1.032s] Installing create_path script to /home/step/ros2_DUAV/install/DUAV/lib/DUAV
[1.032s] Installing determine_plane_state_plane_state script to /home/step/ros2_DUAV/install/DUAV/lib/DUAV
[1.032s] Installing pub_MAV script to /home/step/ros2_DUAV/install/DUAV/lib/DUAV
[1.032s] Installing select_mission_type script to /home/step/ros2_DUAV/install/DUAV/lib/DUAV
[1.032s] Installing write_MAV script to /home/step/ros2_DUAV/install/DUAV/lib/DUAV
[1.032s] writing list of installed files to '/home/step/ros2_DUAV/build/DUAV/install.log'
[1.058s] Invoked command in '/home/step/ros2_DUAV/src/DUAV' returned '0': PYTHONPATH=/home/step/ros2_DUAV/build/DUAV/prefix_override:/usr/lib/python3/dist-packages/colcon_core/task/python/colcon_distutils_commands:/home/step/ros2_DUAV/install/DUAV/lib/python3.10/site-packages:${PYTHONPATH} /usr/bin/python3 -W ignore:setup.py install is deprecated -W ignore:easy_install command is deprecated setup.py egg_info --egg-base ../../build/DUAV build --build-base /home/step/ros2_DUAV/build/DUAV/build install --record /home/step/ros2_DUAV/build/DUAV/install.log --single-version-externally-managed install_data
