[0.030s] Invoking command in '/home/step/ros2_DUAV/build/sdl2_vendor': CMAKE_PREFIX_PATH=/opt/ros/humble /usr/bin/cmake /home/step/ros2_DUAV/src/joystick_drivers/sdl2_vendor -DCMAKE_INSTALL_PREFIX=/home/step/ros2_DUAV/install/sdl2_vendor
[0.297s] -- The C compiler identification is GNU 11.4.0
[0.298s] -- The CXX compiler identification is GNU 11.4.0
[0.299s] -- Detecting C compiler ABI info
[0.394s] -- Detecting C compiler ABI info - done
[0.409s] -- Check for working C compiler: /usr/lib/ccache/cc - skipped
[0.409s] -- Detecting C compile features
[0.411s] -- Detecting C compile features - done
[0.416s] -- Detecting CXX compiler ABI info
[0.553s] -- Detecting CXX compiler ABI info - done
[0.574s] -- Check for working CXX compiler: /usr/lib/ccache/c++ - skipped
[0.575s] -- Detecting CXX compile features
[0.575s] -- Detecting CXX compile features - done
[0.578s] -- Found ament_cmake: 1.3.11 (/opt/ros/humble/share/ament_cmake/cmake)
[1.066s] -- Found Python3: /usr/bin/python3 (found version "3.10.12") found components: Interpreter 
[1.291s] -- Configuring done
[1.294s] -- Generating done
[1.296s] -- Build files have been written to: /home/step/ros2_DUAV/build/sdl2_vendor
[1.302s] Invoked command in '/home/step/ros2_DUAV/build/sdl2_vendor' returned '0': CMAKE_PREFIX_PATH=/opt/ros/humble /usr/bin/cmake /home/step/ros2_DUAV/src/joystick_drivers/sdl2_vendor -DCMAKE_INSTALL_PREFIX=/home/step/ros2_DUAV/install/sdl2_vendor
[1.305s] Invoking command in '/home/step/ros2_DUAV/build/sdl2_vendor': CMAKE_PREFIX_PATH=/opt/ros/humble /usr/bin/cmake --build /home/step/ros2_DUAV/build/sdl2_vendor -- -j8 -l8
[1.359s] Invoked command in '/home/step/ros2_DUAV/build/sdl2_vendor' returned '0': CMAKE_PREFIX_PATH=/opt/ros/humble /usr/bin/cmake --build /home/step/ros2_DUAV/build/sdl2_vendor -- -j8 -l8
[1.373s] Invoking command in '/home/step/ros2_DUAV/build/sdl2_vendor': CMAKE_PREFIX_PATH=/opt/ros/humble /usr/bin/cmake --install /home/step/ros2_DUAV/build/sdl2_vendor
[1.382s] -- Install configuration: ""
[1.382s] -- Installing: /home/step/ros2_DUAV/install/sdl2_vendor/share/sdl2_vendor/cmake
[1.382s] -- Installing: /home/step/ros2_DUAV/install/sdl2_vendor/share/sdl2_vendor/cmake/Modules
[1.382s] -- Installing: /home/step/ros2_DUAV/install/sdl2_vendor/share/sdl2_vendor/cmake/Modules/Findsdl2_custom.cmake
[1.383s] -- Installing: /home/step/ros2_DUAV/install/sdl2_vendor/share/ament_index/resource_index/package_run_dependencies/sdl2_vendor
[1.383s] -- Installing: /home/step/ros2_DUAV/install/sdl2_vendor/share/ament_index/resource_index/parent_prefix_path/sdl2_vendor
[1.383s] -- Installing: /home/step/ros2_DUAV/install/sdl2_vendor/share/sdl2_vendor/environment/ament_prefix_path.sh
[1.383s] -- Installing: /home/step/ros2_DUAV/install/sdl2_vendor/share/sdl2_vendor/environment/ament_prefix_path.dsv
[1.383s] -- Installing: /home/step/ros2_DUAV/install/sdl2_vendor/share/sdl2_vendor/environment/path.sh
[1.383s] -- Installing: /home/step/ros2_DUAV/install/sdl2_vendor/share/sdl2_vendor/environment/path.dsv
[1.384s] -- Installing: /home/step/ros2_DUAV/install/sdl2_vendor/share/sdl2_vendor/local_setup.bash
[1.384s] -- Installing: /home/step/ros2_DUAV/install/sdl2_vendor/share/sdl2_vendor/local_setup.sh
[1.384s] -- Installing: /home/step/ros2_DUAV/install/sdl2_vendor/share/sdl2_vendor/local_setup.zsh
[1.384s] -- Installing: /home/step/ros2_DUAV/install/sdl2_vendor/share/sdl2_vendor/local_setup.dsv
[1.384s] -- Installing: /home/step/ros2_DUAV/install/sdl2_vendor/share/sdl2_vendor/package.dsv
[1.385s] -- Installing: /home/step/ros2_DUAV/install/sdl2_vendor/share/ament_index/resource_index/packages/sdl2_vendor
[1.385s] -- Installing: /home/step/ros2_DUAV/install/sdl2_vendor/share/sdl2_vendor/cmake/sdl2_vendor-extras.cmake
[1.385s] -- Installing: /home/step/ros2_DUAV/install/sdl2_vendor/share/sdl2_vendor/cmake/sdl2_vendorConfig.cmake
[1.385s] -- Installing: /home/step/ros2_DUAV/install/sdl2_vendor/share/sdl2_vendor/cmake/sdl2_vendorConfig-version.cmake
[1.385s] -- Installing: /home/step/ros2_DUAV/install/sdl2_vendor/share/sdl2_vendor/package.xml
[1.388s] Invoked command in '/home/step/ros2_DUAV/build/sdl2_vendor' returned '0': CMAKE_PREFIX_PATH=/opt/ros/humble /usr/bin/cmake --install /home/step/ros2_DUAV/build/sdl2_vendor
