/home/step/.local/lib/python3.10/site-packages/setuptools/_distutils/dist.py:261: UserWarning: Unknown distribution option: 'tests_require'
  warnings.warn(msg)
running egg_info
writing ../../build/duav/duav.egg-info/PKG-INFO
writing dependency_links to ../../build/duav/duav.egg-info/dependency_links.txt
writing entry points to ../../build/duav/duav.egg-info/entry_points.txt
writing requirements to ../../build/duav/duav.egg-info/requires.txt
writing top-level names to ../../build/duav/duav.egg-info/top_level.txt
reading manifest file '../../build/duav/duav.egg-info/SOURCES.txt'
writing manifest file '../../build/duav/duav.egg-info/SOURCES.txt'
running build
running build_py
copying duav/create_path.py -> /home/step/ros2_DUAV/build/duav/build/lib/duav
copying duav/determine_plane_state.py -> /home/step/ros2_DUAV/build/duav/build/lib/duav
copying duav/__init__.py -> /home/step/ros2_DUAV/build/duav/build/lib/duav
copying duav/pub_MAV.py -> /home/step/ros2_DUAV/build/duav/build/lib/duav
copying duav/select_mission_type.py -> /home/step/ros2_DUAV/build/duav/build/lib/duav
copying duav/create_costmap.py -> /home/step/ros2_DUAV/build/duav/build/lib/duav
copying duav/analyse_CAM.py -> /home/step/ros2_DUAV/build/duav/build/lib/duav
copying duav/write_MAV.py -> /home/step/ros2_DUAV/build/duav/build/lib/duav
running install
running install_lib
copying /home/step/ros2_DUAV/build/duav/build/lib/duav/pub_MAV.py -> /home/step/ros2_DUAV/install/duav/lib/python3.10/site-packages/duav
byte-compiling /home/step/ros2_DUAV/install/duav/lib/python3.10/site-packages/duav/pub_MAV.py to pub_MAV.cpython-310.pyc
running install_data
copying resource/duav -> /home/step/ros2_DUAV/install/duav/share/ament_index/resource_index/packages
copying package.xml -> /home/step/ros2_DUAV/install/duav/share/duav
copying launch/launch_all.launch.py -> /home/step/ros2_DUAV/install/duav/share/duav
running install_egg_info
removing '/home/step/ros2_DUAV/install/duav/lib/python3.10/site-packages/duav-0.0.0-py3.10.egg-info' (and everything under it)
Copying ../../build/duav/duav.egg-info to /home/step/ros2_DUAV/install/duav/lib/python3.10/site-packages/duav-0.0.0-py3.10.egg-info
running install_scripts
Installing analyse_CAM script to /home/step/ros2_DUAV/install/duav/lib/duav
Installing create_costmap script to /home/step/ros2_DUAV/install/duav/lib/duav
Installing create_path script to /home/step/ros2_DUAV/install/duav/lib/duav
Installing determine_plane_state script to /home/step/ros2_DUAV/install/duav/lib/duav
Installing pub_MAV script to /home/step/ros2_DUAV/install/duav/lib/duav
Installing select_mission_type script to /home/step/ros2_DUAV/install/duav/lib/duav
Installing write_MAV script to /home/step/ros2_DUAV/install/duav/lib/duav
writing list of installed files to '/home/step/ros2_DUAV/build/duav/install.log'
